{"/Users/luisfaria/Desktop/sEngineer/excelPilot/src/app.ts": {"path":"/Users/luisfaria/Desktop/sEngineer/excelPilot/src/app.ts","statementMap":{"0":{"start":{"line":12,"column":0},"end":{"line":12,"column":16}},"1":{"start":{"line":3,"column":0},"end":{"line":3,"column":30}},"2":{"start":{"line":4,"column":0},"end":{"line":4,"column":24}},"3":{"start":{"line":5,"column":0},"end":{"line":5,"column":28}},"4":{"start":{"line":6,"column":0},"end":{"line":6,"column":39}},"5":{"start":{"line":7,"column":0},"end":{"line":7,"column":23}},"6":{"start":{"line":9,"column":0},"end":{"line":9,"column":48}},"7":{"start":{"line":10,"column":0},"end":{"line":10,"column":32}},"8":{"start":{"line":13,"column":16},"end":{"line":13,"column":25}},"9":{"start":{"line":15,"column":18},"end":{"line":15,"column":55}},"10":{"start":{"line":18,"column":4},"end":{"line":18,"column":37}},"11":{"start":{"line":19,"column":4},"end":{"line":21,"column":6}},"12":{"start":{"line":22,"column":4},"end":{"line":22,"column":44}},"13":{"start":{"line":25,"column":4},"end":{"line":25,"column":62}},"14":{"start":{"line":25,"column":38},"end":{"line":25,"column":60}},"15":{"start":{"line":26,"column":4},"end":{"line":29,"column":7}},"16":{"start":{"line":27,"column":17},"end":{"line":27,"column":53}},"17":{"start":{"line":28,"column":6},"end":{"line":28,"column":53}},"18":{"start":{"line":32,"column":4},"end":{"line":32,"column":34}},"19":{"start":{"line":35,"column":4},"end":{"line":39,"column":7}},"20":{"start":{"line":36,"column":6},"end":{"line":36,"column":110}},"21":{"start":{"line":36,"column":31},"end":{"line":36,"column":110}},"22":{"start":{"line":37,"column":21},"end":{"line":37,"column":63}},"23":{"start":{"line":38,"column":6},"end":{"line":38,"column":72}},"24":{"start":{"line":41,"column":4},"end":{"line":41,"column":15}}},"fnMap":{"0":{"name":"createApp","decl":{"start":{"line":12,"column":16},"end":{"line":12,"column":25}},"loc":{"start":{"line":12,"column":25},"end":{"line":42,"column":3}}},"1":{"name":"(anonymous_2)","decl":{"start":{"line":25,"column":23},"end":{"line":25,"column":24}},"loc":{"start":{"line":25,"column":38},"end":{"line":25,"column":60}}},"2":{"name":"(anonymous_3)","decl":{"start":{"line":26,"column":22},"end":{"line":26,"column":23}},"loc":{"start":{"line":26,"column":36},"end":{"line":29,"column":5}}},"3":{"name":"(anonymous_4)","decl":{"start":{"line":35,"column":12},"end":{"line":35,"column":13}},"loc":{"start":{"line":35,"column":76},"end":{"line":39,"column":5}}}},"branchMap":{"0":{"loc":{"start":{"line":20,"column":13},"end":{"line":20,"column":65}},"type":"cond-expr","locations":[{"start":{"line":20,"column":21},"end":{"line":20,"column":53}},{"start":{"line":20,"column":56},"end":{"line":20,"column":65}}]},"1":{"loc":{"start":{"line":28,"column":17},"end":{"line":28,"column":31}},"type":"cond-expr","locations":[{"start":{"line":28,"column":22},"end":{"line":28,"column":25}},{"start":{"line":28,"column":28},"end":{"line":28,"column":31}}]},"2":{"loc":{"start":{"line":36,"column":6},"end":{"line":36,"column":110}},"type":"if","locations":[{"start":{"line":36,"column":6},"end":{"line":36,"column":110}}]},"3":{"loc":{"start":{"line":37,"column":21},"end":{"line":37,"column":63}},"type":"cond-expr","locations":[{"start":{"line":37,"column":47},"end":{"line":37,"column":57}},{"start":{"line":37,"column":60},"end":{"line":37,"column":63}}]},"4":{"loc":{"start":{"line":38,"column":39},"end":{"line":38,"column":68}},"type":"binary-expr","locations":[{"start":{"line":38,"column":39},"end":{"line":38,"column":50}},{"start":{"line":38,"column":54},"end":{"line":38,"column":68}}]}},"s":{"0":0,"1":0,"2":0,"3":0,"4":0,"5":0,"6":0,"7":0,"8":0,"9":0,"10":0,"11":0,"12":0,"13":0,"14":0,"15":0,"16":0,"17":0,"18":0,"19":0,"20":0,"21":0,"22":0,"23":0,"24":0},"f":{"0":0,"1":0,"2":0,"3":0},"b":{"0":[0,0],"1":[0,0],"2":[0],"3":[0,0],"4":[0,0]}}
,"/Users/luisfaria/Desktop/sEngineer/excelPilot/src/graphql.ts": {"path":"/Users/luisfaria/Desktop/sEngineer/excelPilot/src/graphql.ts","statementMap":{"0":{"start":{"line":23,"column":0},"end":{"line":23,"column":7}},"1":{"start":{"line":6,"column":0},"end":{"line":6,"column":62}},"2":{"start":{"line":9,"column":0},"end":{"line":9,"column":46}},"3":{"start":{"line":10,"column":0},"end":{"line":10,"column":40}},"4":{"start":{"line":11,"column":0},"end":{"line":11,"column":48}},"5":{"start":{"line":14,"column":0},"end":{"line":14,"column":46}},"6":{"start":{"line":15,"column":0},"end":{"line":15,"column":null}},"7":{"start":{"line":18,"column":0},"end":{"line":18,"column":null}},"8":{"start":{"line":27,"column":16},"end":{"line":27,"column":53}},"9":{"start":{"line":29,"column":17},"end":{"line":50,"column":4}},"10":{"start":{"line":42,"column":6},"end":{"line":47,"column":7}},"11":{"start":{"line":43,"column":8},"end":{"line":46,"column":10}},"12":{"start":{"line":48,"column":6},"end":{"line":48,"column":26}},"13":{"start":{"line":52,"column":2},"end":{"line":52,"column":23}},"14":{"start":{"line":57,"column":2},"end":{"line":77,"column":4}},"15":{"start":{"line":63,"column":21},"end":{"line":63,"column":52}},"16":{"start":{"line":64,"column":22},"end":{"line":64,"column":76}},"17":{"start":{"line":65,"column":24},"end":{"line":65,"column":48}},"18":{"start":{"line":69,"column":8},"end":{"line":74,"column":10}}},"fnMap":{"0":{"name":"attachGraphQL","decl":{"start":{"line":23,"column":22},"end":{"line":23,"column":35}},"loc":{"start":{"line":25,"column":25},"end":{"line":78,"column":1}}},"1":{"name":"(anonymous_1)","decl":{"start":{"line":40,"column":17},"end":{"line":40,"column":18}},"loc":{"start":{"line":40,"column":42},"end":{"line":49,"column":5}}},"2":{"name":"(anonymous_2)","decl":{"start":{"line":60,"column":15},"end":{"line":60,"column":20}},"loc":{"start":{"line":60,"column":38},"end":{"line":75,"column":7}}}},"branchMap":{"0":{"loc":{"start":{"line":36,"column":6},"end":{"line":38,"column":75}},"type":"cond-expr","locations":[{"start":{"line":37,"column":10},"end":{"line":37,"column":83}},{"start":{"line":38,"column":10},"end":{"line":38,"column":75}}]},"1":{"loc":{"start":{"line":42,"column":6},"end":{"line":47,"column":7}},"type":"if","locations":[{"start":{"line":42,"column":6},"end":{"line":47,"column":7}}]},"2":{"loc":{"start":{"line":63,"column":21},"end":{"line":63,"column":52}},"type":"binary-expr","locations":[{"start":{"line":63,"column":21},"end":{"line":63,"column":46}},{"start":{"line":63,"column":50},"end":{"line":63,"column":52}}]},"3":{"loc":{"start":{"line":64,"column":22},"end":{"line":64,"column":76}},"type":"cond-expr","locations":[{"start":{"line":64,"column":51},"end":{"line":64,"column":64}},{"start":{"line":64,"column":67},"end":{"line":64,"column":76}}]}},"s":{"0":0,"1":0,"2":0,"3":0,"4":0,"5":0,"6":0,"7":0,"8":0,"9":0,"10":0,"11":0,"12":0,"13":0,"14":0,"15":0,"16":0,"17":0,"18":0},"f":{"0":0,"1":0,"2":0},"b":{"0":[0,0],"1":[0],"2":[0,0],"3":[0,0]}}
,"/Users/luisfaria/Desktop/sEngineer/excelPilot/src/redis.ts": {"path":"/Users/luisfaria/Desktop/sEngineer/excelPilot/src/redis.ts","statementMap":{"0":{"start":{"line":17,"column":0},"end":{"line":17,"column":7}},"1":{"start":{"line":1,"column":0},"end":{"line":1,"column":28}},"2":{"start":{"line":3,"column":20},"end":{"line":13,"column":2}},"3":{"start":{"line":15,"column":13},"end":{"line":15,"column":50}},"4":{"start":{"line":18,"column":2},"end":{"line":25,"column":3}},"5":{"start":{"line":19,"column":4},"end":{"line":19,"column":32}},"6":{"start":{"line":20,"column":4},"end":{"line":20,"column":42}},"7":{"start":{"line":23,"column":4},"end":{"line":23,"column":52}},"8":{"start":{"line":24,"column":4},"end":{"line":24,"column":20}},"9":{"start":{"line":28,"column":0},"end":{"line":30,"column":null}},"10":{"start":{"line":32,"column":0},"end":{"line":34,"column":5}},"11":{"start":{"line":33,"column":4},"end":{"line":33,"column":56}},"12":{"start":{"line":36,"column":2},"end":{"line":38,"column":5}},"13":{"start":{"line":37,"column":4},"end":{"line":37,"column":53}},"14":{"start":{"line":41,"column":2},"end":{"line":43,"column":5}},"15":{"start":{"line":42,"column":4},"end":{"line":42,"column":29}},"16":{"start":{"line":45,"column":2},"end":{"line":47,"column":5}},"17":{"start":{"line":46,"column":4},"end":{"line":46,"column":29}},"18":{"start":{"line":49,"column":0},"end":{"line":49,"column":27}}},"fnMap":{"0":{"name":"connectRedis","decl":{"start":{"line":17,"column":22},"end":{"line":17,"column":34}},"loc":{"start":{"line":17,"column":34},"end":{"line":26,"column":1}}},"1":{"name":"(anonymous_2)","decl":{"start":{"line":28,"column":24},"end":{"line":28,"column":27}},"loc":{"start":{"line":28,"column":29},"end":{"line":30,"column":1}}},"2":{"name":"(anonymous_3)","decl":{"start":{"line":32,"column":24},"end":{"line":32,"column":25}},"loc":{"start":{"line":32,"column":32},"end":{"line":34,"column":3}}},"3":{"name":"(anonymous_4)","decl":{"start":{"line":36,"column":26},"end":{"line":36,"column":29}},"loc":{"start":{"line":36,"column":31},"end":{"line":38,"column":3}}},"4":{"name":"(anonymous_5)","decl":{"start":{"line":41,"column":23},"end":{"line":41,"column":26}},"loc":{"start":{"line":41,"column":28},"end":{"line":43,"column":3}}},"5":{"name":"(anonymous_6)","decl":{"start":{"line":45,"column":24},"end":{"line":45,"column":27}},"loc":{"start":{"line":45,"column":29},"end":{"line":47,"column":3}}}},"branchMap":{"0":{"loc":{"start":{"line":4,"column":10},"end":{"line":4,"column":47}},"type":"binary-expr","locations":[{"start":{"line":4,"column":10},"end":{"line":4,"column":32}},{"start":{"line":4,"column":36},"end":{"line":4,"column":47}}]},"1":{"loc":{"start":{"line":5,"column":10},"end":{"line":5,"column":48}},"type":"binary-expr","locations":[{"start":{"line":5,"column":10},"end":{"line":5,"column":40}},{"start":{"line":5,"column":44},"end":{"line":5,"column":48}}]},"2":{"loc":{"start":{"line":6,"column":14},"end":{"line":6,"column":46}},"type":"binary-expr","locations":[{"start":{"line":6,"column":14},"end":{"line":6,"column":40}},{"start":{"line":6,"column":44},"end":{"line":6,"column":46}}]}},"s":{"0":0,"1":0,"2":0,"3":0,"4":0,"5":0,"6":0,"7":0,"8":0,"9":0,"10":0,"11":0,"12":0,"13":0,"14":0,"15":0,"16":0,"17":0,"18":0},"f":{"0":0,"1":0,"2":0,"3":0,"4":0,"5":0},"b":{"0":[0,0],"1":[0,0],"2":[0,0]}}
,"/Users/luisfaria/Desktop/sEngineer/excelPilot/src/server.ts": {"path":"/Users/luisfaria/Desktop/sEngineer/excelPilot/src/server.ts","statementMap":{"0":{"start":{"line":2,"column":0},"end":{"line":2,"column":32}},"1":{"start":{"line":3,"column":0},"end":{"line":3,"column":24}},"2":{"start":{"line":6,"column":0},"end":{"line":6,"column":34}},"3":{"start":{"line":9,"column":0},"end":{"line":9,"column":42}},"4":{"start":{"line":12,"column":0},"end":{"line":12,"column":52}},"5":{"start":{"line":15,"column":4},"end":{"line":15,"column":51}},"6":{"start":{"line":16,"column":4},"end":{"line":16,"column":null}},"7":{"start":{"line":18,"column":4},"end":{"line":18,"column":25}},"8":{"start":{"line":20,"column":16},"end":{"line":20,"column":27}},"9":{"start":{"line":21,"column":23},"end":{"line":21,"column":45}},"10":{"start":{"line":23,"column":4},"end":{"line":23,"column":41}},"11":{"start":{"line":25,"column":17},"end":{"line":25,"column":49}},"12":{"start":{"line":26,"column":4},"end":{"line":29,"column":7}},"13":{"start":{"line":27,"column":6},"end":{"line":27,"column":67}},"14":{"start":{"line":28,"column":6},"end":{"line":28,"column":78}},"15":{"start":{"line":32,"column":4},"end":{"line":38,"column":7}},"16":{"start":{"line":33,"column":6},"end":{"line":37,"column":9}},"17":{"start":{"line":34,"column":8},"end":{"line":34,"column":36}},"18":{"start":{"line":35,"column":8},"end":{"line":35,"column":33}},"19":{"start":{"line":36,"column":8},"end":{"line":36,"column":24}},"20":{"start":{"line":40,"column":4},"end":{"line":46,"column":7}},"21":{"start":{"line":41,"column":6},"end":{"line":45,"column":9}},"22":{"start":{"line":42,"column":8},"end":{"line":42,"column":36}},"23":{"start":{"line":43,"column":8},"end":{"line":43,"column":33}},"24":{"start":{"line":44,"column":8},"end":{"line":44,"column":24}},"25":{"start":{"line":49,"column":2},"end":{"line":52,"column":5}},"26":{"start":{"line":50,"column":4},"end":{"line":50,"column":45}},"27":{"start":{"line":51,"column":4},"end":{"line":51,"column":20}}},"fnMap":{"0":{"name":"start","decl":{"start":{"line":14,"column":15},"end":{"line":14,"column":20}},"loc":{"start":{"line":14,"column":20},"end":{"line":47,"column":3}}},"1":{"name":"(anonymous_2)","decl":{"start":{"line":26,"column":28},"end":{"line":26,"column":31}},"loc":{"start":{"line":26,"column":33},"end":{"line":29,"column":5}}},"2":{"name":"(anonymous_3)","decl":{"start":{"line":32,"column":25},"end":{"line":32,"column":28}},"loc":{"start":{"line":32,"column":30},"end":{"line":38,"column":5}}},"3":{"name":"(anonymous_4)","decl":{"start":{"line":33,"column":23},"end":{"line":33,"column":26}},"loc":{"start":{"line":33,"column":28},"end":{"line":37,"column":7}}},"4":{"name":"(anonymous_5)","decl":{"start":{"line":40,"column":26},"end":{"line":40,"column":29}},"loc":{"start":{"line":40,"column":31},"end":{"line":46,"column":5}}},"5":{"name":"(anonymous_6)","decl":{"start":{"line":41,"column":23},"end":{"line":41,"column":26}},"loc":{"start":{"line":41,"column":28},"end":{"line":45,"column":7}}},"6":{"name":"(anonymous_7)","decl":{"start":{"line":49,"column":16},"end":{"line":49,"column":17}},"loc":{"start":{"line":49,"column":22},"end":{"line":52,"column":3}}}},"branchMap":{"0":{"loc":{"start":{"line":25,"column":17},"end":{"line":25,"column":49}},"type":"binary-expr","locations":[{"start":{"line":25,"column":17},"end":{"line":25,"column":41}},{"start":{"line":25,"column":45},"end":{"line":25,"column":49}}]}},"s":{"0":0,"1":0,"2":0,"3":0,"4":0,"5":0,"6":0,"7":0,"8":0,"9":0,"10":0,"11":0,"12":0,"13":0,"14":0,"15":0,"16":0,"17":0,"18":0,"19":0,"20":0,"21":0,"22":0,"23":0,"24":0,"25":0,"26":0,"27":0},"f":{"0":0,"1":0,"2":0,"3":0,"4":0,"5":0,"6":0},"b":{"0":[0,0]}}
,"/Users/luisfaria/Desktop/sEngineer/excelPilot/src/config/rateLimit.config.ts": {"path":"/Users/luisfaria/Desktop/sEngineer/excelPilot/src/config/rateLimit.config.ts","statementMap":{"0":{"start":{"line":1,"column":13},"end":{"line":10,"column":2}}},"fnMap":{},"branchMap":{},"s":{"0":2},"f":{},"b":{}}
,"/Users/luisfaria/Desktop/sEngineer/excelPilot/src/middleware/rateLimiter.ts": {"path":"/Users/luisfaria/Desktop/sEngineer/excelPilot/src/middleware/rateLimiter.ts","statementMap":{"0":{"start":{"line":1,"column":0},"end":{"line":1,"column":39}},"1":{"start":{"line":2,"column":0},"end":{"line":2,"column":61}},"2":{"start":{"line":16,"column":20},"end":{"line":16,"column":54}},"3":{"start":{"line":17,"column":23},"end":{"line":17,"column":49}},"4":{"start":{"line":19,"column":8},"end":{"line":64,"column":9}},"5":{"start":{"line":20,"column":27},"end":{"line":33,"column":14}},"6":{"start":{"line":34,"column":36},"end":{"line":38,"column":null}},"7":{"start":{"line":41,"column":12},"end":{"line":48,"column":13}},"8":{"start":{"line":42,"column":32},"end":{"line":42,"column":106}},"9":{"start":{"line":43,"column":16},"end":{"line":47,"column":18}},"10":{"start":{"line":50,"column":28},"end":{"line":50,"column":102}},"11":{"start":{"line":51,"column":12},"end":{"line":55,"column":14}},"12":{"start":{"line":58,"column":12},"end":{"line":58,"column":56}},"13":{"start":{"line":59,"column":12},"end":{"line":63,"column":14}},"14":{"start":{"line":75,"column":25},"end":{"line":75,"column":55}},"15":{"start":{"line":76,"column":27},"end":{"line":76,"column":59}},"16":{"start":{"line":79,"column":27},"end":{"line":79,"column":32}},"17":{"start":{"line":80,"column":29},"end":{"line":80,"column":36}},"18":{"start":{"line":82,"column":8},"end":{"line":184,"column":9}},"19":{"start":{"line":86,"column":27},"end":{"line":139,"column":14}},"20":{"start":{"line":141,"column":77},"end":{"line":150,"column":null}},"21":{"start":{"line":153,"column":33},"end":{"line":153,"column":100}},"22":{"start":{"line":154,"column":35},"end":{"line":154,"column":113}},"23":{"start":{"line":156,"column":12},"end":{"line":165,"column":13}},"24":{"start":{"line":157,"column":16},"end":{"line":164,"column":18}},"25":{"start":{"line":167,"column":12},"end":{"line":174,"column":null}},"26":{"start":{"line":177,"column":12},"end":{"line":177,"column":56}},"27":{"start":{"line":179,"column":12},"end":{"line":183,"column":null}},"28":{"start":{"line":5,"column":0},"end":{"line":5,"column":13}},"29":{"start":{"line":188,"column":13},"end":{"line":188,"column":53}}},"fnMap":{"0":{"name":"(anonymous_0)","decl":{"start":{"line":12,"column":4},"end":{"line":12,"column":9}},"loc":{"start":{"line":12,"column":73},"end":{"line":65,"column":5}}},"1":{"name":"(anonymous_1)","decl":{"start":{"line":72,"column":4},"end":{"line":72,"column":9}},"loc":{"start":{"line":72,"column":66},"end":{"line":185,"column":5}}}},"branchMap":{"0":{"loc":{"start":{"line":41,"column":12},"end":{"line":48,"column":13}},"type":"if","locations":[{"start":{"line":41,"column":12},"end":{"line":48,"column":13}}]},"1":{"loc":{"start":{"line":42,"column":32},"end":{"line":42,"column":106}},"type":"cond-expr","locations":[{"start":{"line":42,"column":66},"end":{"line":42,"column":69}},{"start":{"line":42,"column":72},"end":{"line":42,"column":106}}]},"2":{"loc":{"start":{"line":42,"column":32},"end":{"line":42,"column":63}},"type":"binary-expr","locations":[{"start":{"line":42,"column":32},"end":{"line":42,"column":52}},{"start":{"line":42,"column":56},"end":{"line":42,"column":63}}]},"3":{"loc":{"start":{"line":50,"column":28},"end":{"line":50,"column":102}},"type":"cond-expr","locations":[{"start":{"line":50,"column":62},"end":{"line":50,"column":65}},{"start":{"line":50,"column":68},"end":{"line":50,"column":102}}]},"4":{"loc":{"start":{"line":50,"column":28},"end":{"line":50,"column":59}},"type":"binary-expr","locations":[{"start":{"line":50,"column":28},"end":{"line":50,"column":48}},{"start":{"line":50,"column":52},"end":{"line":50,"column":59}}]},"5":{"loc":{"start":{"line":153,"column":33},"end":{"line":153,"column":100}},"type":"cond-expr","locations":[{"start":{"line":153,"column":77},"end":{"line":153,"column":85}},{"start":{"line":153,"column":88},"end":{"line":153,"column":100}}]},"6":{"loc":{"start":{"line":153,"column":33},"end":{"line":153,"column":74}},"type":"binary-expr","locations":[{"start":{"line":153,"column":33},"end":{"line":153,"column":58}},{"start":{"line":153,"column":62},"end":{"line":153,"column":74}}]},"7":{"loc":{"start":{"line":154,"column":35},"end":{"line":154,"column":113}},"type":"cond-expr","locations":[{"start":{"line":154,"column":83},"end":{"line":154,"column":93}},{"start":{"line":154,"column":96},"end":{"line":154,"column":113}}]},"8":{"loc":{"start":{"line":154,"column":35},"end":{"line":154,"column":80}},"type":"binary-expr","locations":[{"start":{"line":154,"column":35},"end":{"line":154,"column":62}},{"start":{"line":154,"column":66},"end":{"line":154,"column":80}}]},"9":{"loc":{"start":{"line":156,"column":12},"end":{"line":165,"column":13}},"type":"if","locations":[{"start":{"line":156,"column":12},"end":{"line":165,"column":13}}]}},"s":{"0":2,"1":2,"2":33,"3":33,"4":33,"5":33,"6":33,"7":33,"8":1,"9":1,"10":32,"11":32,"12":0,"13":0,"14":11,"15":11,"16":11,"17":11,"18":11,"19":11,"20":11,"21":11,"22":11,"23":11,"24":4,"25":7,"26":0,"27":0,"28":2,"29":2},"f":{"0":33,"1":11},"b":{"0":[1],"1":[1,0],"2":[1,1],"3":[32,0],"4":[32,32],"5":[11,0],"6":[11,11],"7":[11,0],"8":[11,11],"9":[4]}}
,"/Users/luisfaria/Desktop/sEngineer/excelPilot/src/models/Conversation.ts": {"path":"/Users/luisfaria/Desktop/sEngineer/excelPilot/src/models/Conversation.ts","statementMap":{"0":{"start":{"line":1,"column":0},"end":{"line":1,"column":58}},"1":{"start":{"line":17,"column":27},"end":{"line":24,"column":null}},"2":{"start":{"line":27,"column":21},"end":{"line":27,"column":77}},"3":{"start":{"line":28,"column":0},"end":{"line":28,"column":28}}},"fnMap":{},"branchMap":{},"s":{"0":0,"1":0,"2":0,"3":0},"f":{},"b":{}}
,"/Users/luisfaria/Desktop/sEngineer/excelPilot/src/models/Message.ts": {"path":"/Users/luisfaria/Desktop/sEngineer/excelPilot/src/models/Message.ts","statementMap":{"0":{"start":{"line":1,"column":0},"end":{"line":1,"column":58}},"1":{"start":{"line":18,"column":26},"end":{"line":39,"column":null}},"2":{"start":{"line":31,"column":12},"end":{"line":31,"column":45}},"3":{"start":{"line":42,"column":0},"end":{"line":42,"column":61}},"4":{"start":{"line":44,"column":16},"end":{"line":44,"column":65}},"5":{"start":{"line":45,"column":0},"end":{"line":45,"column":23}}},"fnMap":{"0":{"name":"(anonymous_0)","decl":{"start":{"line":30,"column":18},"end":{"line":30,"column":null}},"loc":{"start":{"line":30,"column":18},"end":{"line":32,"column":9}}}},"branchMap":{},"s":{"0":0,"1":0,"2":0,"3":0,"4":0,"5":0},"f":{"0":0},"b":{}}
,"/Users/luisfaria/Desktop/sEngineer/excelPilot/src/models/User.ts": {"path":"/Users/luisfaria/Desktop/sEngineer/excelPilot/src/models/User.ts","statementMap":{"0":{"start":{"line":1,"column":0},"end":{"line":1,"column":54}},"1":{"start":{"line":6,"column":0},"end":{"line":6,"column":28}},"2":{"start":{"line":30,"column":19},"end":{"line":44,"column":2}},"3":{"start":{"line":46,"column":0},"end":{"line":51,"column":3}},"4":{"start":{"line":47,"column":4},"end":{"line":47,"column":52}},"5":{"start":{"line":47,"column":38},"end":{"line":47,"column":52}},"6":{"start":{"line":48,"column":23},"end":{"line":48,"column":25}},"7":{"start":{"line":49,"column":4},"end":{"line":49,"column":65}},"8":{"start":{"line":50,"column":4},"end":{"line":50,"column":11}},"9":{"start":{"line":53,"column":0},"end":{"line":55,"column":2}},"10":{"start":{"line":54,"column":4},"end":{"line":54,"column":52}},"11":{"start":{"line":57,"column":18},"end":{"line":57,"column":58}},"12":{"start":{"line":58,"column":0},"end":{"line":58,"column":25}}},"fnMap":{"0":{"name":"(anonymous_10)","decl":{"start":{"line":46,"column":23},"end":{"line":46,"column":28}},"loc":{"start":{"line":46,"column":43},"end":{"line":51,"column":1}}},"1":{"name":"(anonymous_11)","decl":{"start":{"line":53,"column":37},"end":{"line":53,"column":47}},"loc":{"start":{"line":53,"column":64},"end":{"line":55,"column":1}}}},"branchMap":{"0":{"loc":{"start":{"line":47,"column":4},"end":{"line":47,"column":52}},"type":"if","locations":[{"start":{"line":47,"column":4},"end":{"line":47,"column":52}}]}},"s":{"0":0,"1":0,"2":0,"3":0,"4":0,"5":0,"6":0,"7":0,"8":0,"9":0,"10":0,"11":0,"12":0},"f":{"0":0,"1":0},"b":{"0":[0]}}
,"/Users/luisfaria/Desktop/sEngineer/excelPilot/src/resolvers/index.ts": {"path":"/Users/luisfaria/Desktop/sEngineer/excelPilot/src/resolvers/index.ts","statementMap":{"0":{"start":{"line":1,"column":0},"end":{"line":1,"column":45}},"1":{"start":{"line":2,"column":0},"end":{"line":2,"column":50}},"2":{"start":{"line":3,"column":0},"end":{"line":3,"column":45}},"3":{"start":{"line":4,"column":0},"end":{"line":4,"column":49}},"4":{"start":{"line":5,"column":0},"end":{"line":5,"column":61}},"5":{"start":{"line":6,"column":0},"end":{"line":6,"column":66}},"6":{"start":{"line":8,"column":13},"end":{"line":22,"column":2}},"7":{"start":{"line":10,"column":27},"end":{"line":10,"column":46}}},"fnMap":{"0":{"name":"(anonymous_0)","decl":{"start":{"line":10,"column":12},"end":{"line":10,"column":13}},"loc":{"start":{"line":10,"column":27},"end":{"line":10,"column":46}}}},"branchMap":{},"s":{"0":0,"1":0,"2":0,"3":0,"4":0,"5":0,"6":0,"7":0},"f":{"0":0},"b":{}}
,"/Users/luisfaria/Desktop/sEngineer/excelPilot/src/resolvers/auth/mutations.ts": {"path":"/Users/luisfaria/Desktop/sEngineer/excelPilot/src/resolvers/auth/mutations.ts","statementMap":{"0":{"start":{"line":1,"column":0},"end":{"line":1,"column":42}},"1":{"start":{"line":2,"column":0},"end":{"line":2,"column":39}},"2":{"start":{"line":3,"column":0},"end":{"line":3,"column":76}},"3":{"start":{"line":4,"column":0},"end":{"line":4,"column":50}},"4":{"start":{"line":6,"column":13},"end":{"line":69,"column":null}},"5":{"start":{"line":8,"column":23},"end":{"line":8,"column":55}},"6":{"start":{"line":9,"column":48},"end":{"line":9,"column":54}},"7":{"start":{"line":11,"column":23},"end":{"line":11,"column":57}},"8":{"start":{"line":12,"column":8},"end":{"line":19,"column":9}},"9":{"start":{"line":13,"column":12},"end":{"line":18,"column":15}},"10":{"start":{"line":21,"column":21},"end":{"line":21,"column":92}},"11":{"start":{"line":22,"column":28},"end":{"line":26,"column":10}},"12":{"start":{"line":28,"column":8},"end":{"line":31,"column":10}},"13":{"start":{"line":34,"column":23},"end":{"line":34,"column":52}},"14":{"start":{"line":35,"column":36},"end":{"line":35,"column":42}},"15":{"start":{"line":37,"column":21},"end":{"line":37,"column":75}},"16":{"start":{"line":38,"column":8},"end":{"line":44,"column":9}},"17":{"start":{"line":39,"column":12},"end":{"line":43,"column":15}},"18":{"start":{"line":46,"column":19},"end":{"line":46,"column":55}},"19":{"start":{"line":47,"column":8},"end":{"line":53,"column":9}},"20":{"start":{"line":48,"column":12},"end":{"line":52,"column":15}},"21":{"start":{"line":55,"column":28},"end":{"line":59,"column":10}},"22":{"start":{"line":62,"column":8},"end":{"line":62,"column":41}},"23":{"start":{"line":64,"column":8},"end":{"line":67,"column":10}}},"fnMap":{"0":{"name":"(anonymous_1)","decl":{"start":{"line":7,"column":14},"end":{"line":7,"column":19}},"loc":{"start":{"line":7,"column":42},"end":{"line":32,"column":5}}},"1":{"name":"(anonymous_2)","decl":{"start":{"line":33,"column":11},"end":{"line":33,"column":16}},"loc":{"start":{"line":33,"column":39},"end":{"line":68,"column":5}}}},"branchMap":{"0":{"loc":{"start":{"line":12,"column":8},"end":{"line":19,"column":9}},"type":"if","locations":[{"start":{"line":12,"column":8},"end":{"line":19,"column":9}}]},"1":{"loc":{"start":{"line":21,"column":75},"end":{"line":21,"column":89}},"type":"binary-expr","locations":[{"start":{"line":21,"column":75},"end":{"line":21,"column":79}},{"start":{"line":21,"column":83},"end":{"line":21,"column":89}}]},"2":{"loc":{"start":{"line":38,"column":8},"end":{"line":44,"column":9}},"type":"if","locations":[{"start":{"line":38,"column":8},"end":{"line":44,"column":9}}]},"3":{"loc":{"start":{"line":47,"column":8},"end":{"line":53,"column":9}},"type":"if","locations":[{"start":{"line":47,"column":8},"end":{"line":53,"column":9}}]}},"s":{"0":0,"1":0,"2":0,"3":0,"4":0,"5":0,"6":0,"7":0,"8":0,"9":0,"10":0,"11":0,"12":0,"13":0,"14":0,"15":0,"16":0,"17":0,"18":0,"19":0,"20":0,"21":0,"22":0,"23":0},"f":{"0":0,"1":0},"b":{"0":[0],"1":[0,0],"2":[0],"3":[0]}}
,"/Users/luisfaria/Desktop/sEngineer/excelPilot/src/resolvers/auth/queries.ts": {"path":"/Users/luisfaria/Desktop/sEngineer/excelPilot/src/resolvers/auth/queries.ts","statementMap":{"0":{"start":{"line":1,"column":0},"end":{"line":1,"column":42}},"1":{"start":{"line":2,"column":0},"end":{"line":2,"column":49}},"2":{"start":{"line":4,"column":13},"end":{"line":11,"column":null}},"3":{"start":{"line":6,"column":8},"end":{"line":6,"column":25}},"4":{"start":{"line":7,"column":8},"end":{"line":7,"column":35}},"5":{"start":{"line":7,"column":23},"end":{"line":7,"column":35}},"6":{"start":{"line":8,"column":21},"end":{"line":8,"column":59}},"7":{"start":{"line":9,"column":8},"end":{"line":9,"column":20}}},"fnMap":{"0":{"name":"(anonymous_1)","decl":{"start":{"line":5,"column":8},"end":{"line":5,"column":13}},"loc":{"start":{"line":5,"column":44},"end":{"line":10,"column":5}}}},"branchMap":{"0":{"loc":{"start":{"line":7,"column":8},"end":{"line":7,"column":35}},"type":"if","locations":[{"start":{"line":7,"column":8},"end":{"line":7,"column":35}}]}},"s":{"0":0,"1":0,"2":0,"3":0,"4":0,"5":0,"6":0,"7":0},"f":{"0":0},"b":{"0":[0]}}
,"/Users/luisfaria/Desktop/sEngineer/excelPilot/src/resolvers/conversations/mutations.ts": {"path":"/Users/luisfaria/Desktop/sEngineer/excelPilot/src/resolvers/conversations/mutations.ts","statementMap":{"0":{"start":{"line":1,"column":0},"end":{"line":1,"column":39}},"1":{"start":{"line":2,"column":0},"end":{"line":2,"column":49}},"2":{"start":{"line":3,"column":0},"end":{"line":3,"column":43}},"3":{"start":{"line":4,"column":0},"end":{"line":4,"column":53}},"4":{"start":{"line":5,"column":0},"end":{"line":5,"column":60}},"5":{"start":{"line":6,"column":0},"end":{"line":6,"column":60}},"6":{"start":{"line":7,"column":0},"end":{"line":7,"column":67}},"7":{"start":{"line":8,"column":0},"end":{"line":8,"column":63}},"8":{"start":{"line":9,"column":0},"end":{"line":9,"column":99}},"9":{"start":{"line":10,"column":0},"end":{"line":10,"column":105}},"10":{"start":{"line":11,"column":0},"end":{"line":11,"column":64}},"11":{"start":{"line":13,"column":13},"end":{"line":225,"column":2}},"12":{"start":{"line":15,"column":8},"end":{"line":15,"column":25}},"13":{"start":{"line":16,"column":8},"end":{"line":18,"column":9}},"14":{"start":{"line":17,"column":12},"end":{"line":17,"column":54}},"15":{"start":{"line":21,"column":32},"end":{"line":21,"column":92}},"16":{"start":{"line":22,"column":8},"end":{"line":33,"column":9}},"17":{"start":{"line":23,"column":12},"end":{"line":32,"column":14}},"18":{"start":{"line":36,"column":29},"end":{"line":40,"column":10}},"19":{"start":{"line":41,"column":8},"end":{"line":41,"column":34}},"20":{"start":{"line":44,"column":28},"end":{"line":49,"column":10}},"21":{"start":{"line":52,"column":32},"end":{"line":52,"column":74}},"22":{"start":{"line":53,"column":29},"end":{"line":53,"column":102}},"23":{"start":{"line":54,"column":8},"end":{"line":65,"column":9}},"24":{"start":{"line":55,"column":12},"end":{"line":64,"column":14}},"25":{"start":{"line":68,"column":29},"end":{"line":71,"column":10}},"26":{"start":{"line":74,"column":35},"end":{"line":87,"column":10}},"27":{"start":{"line":90,"column":8},"end":{"line":92,"column":90}},"28":{"start":{"line":91,"column":27},"end":{"line":91,"column":95}},"29":{"start":{"line":92,"column":28},"end":{"line":92,"column":88}},"30":{"start":{"line":95,"column":8},"end":{"line":95,"column":95}},"31":{"start":{"line":97,"column":27},"end":{"line":97,"column":63}},"32":{"start":{"line":98,"column":8},"end":{"line":102,"column":null}},"33":{"start":{"line":106,"column":8},"end":{"line":106,"column":25}},"34":{"start":{"line":107,"column":8},"end":{"line":109,"column":9}},"35":{"start":{"line":108,"column":12},"end":{"line":108,"column":54}},"36":{"start":{"line":112,"column":32},"end":{"line":112,"column":92}},"37":{"start":{"line":113,"column":8},"end":{"line":124,"column":9}},"38":{"start":{"line":114,"column":12},"end":{"line":123,"column":10}},"39":{"start":{"line":126,"column":29},"end":{"line":126,"column":72}},"40":{"start":{"line":127,"column":8},"end":{"line":129,"column":9}},"41":{"start":{"line":128,"column":12},"end":{"line":128,"column":48}},"42":{"start":{"line":130,"column":28},"end":{"line":135,"column":10}},"43":{"start":{"line":138,"column":28},"end":{"line":140,"column":22}},"44":{"start":{"line":141,"column":24},"end":{"line":144,"column":11}},"45":{"start":{"line":141,"column":48},"end":{"line":144,"column":10}},"46":{"start":{"line":147,"column":32},"end":{"line":147,"column":79}},"47":{"start":{"line":148,"column":8},"end":{"line":148,"column":60}},"48":{"start":{"line":149,"column":29},"end":{"line":149,"column":102}},"49":{"start":{"line":150,"column":8},"end":{"line":154,"column":11}},"50":{"start":{"line":155,"column":8},"end":{"line":166,"column":9}},"51":{"start":{"line":156,"column":12},"end":{"line":165,"column":14}},"52":{"start":{"line":170,"column":29},"end":{"line":173,"column":10}},"53":{"start":{"line":176,"column":29},"end":{"line":176,"column":73}},"54":{"start":{"line":177,"column":32},"end":{"line":177,"column":62}},"55":{"start":{"line":179,"column":8},"end":{"line":182,"column":9}},"56":{"start":{"line":181,"column":12},"end":{"line":181,"column":86}},"57":{"start":{"line":185,"column":35},"end":{"line":198,"column":10}},"58":{"start":{"line":201,"column":8},"end":{"line":209,"column":9}},"59":{"start":{"line":202,"column":33},"end":{"line":202,"column":81}},"60":{"start":{"line":203,"column":12},"end":{"line":208,"column":13}},"61":{"start":{"line":205,"column":16},"end":{"line":207,"column":98}},"62":{"start":{"line":206,"column":35},"end":{"line":206,"column":81}},"63":{"start":{"line":207,"column":36},"end":{"line":207,"column":96}},"64":{"start":{"line":211,"column":29},"end":{"line":211,"column":77}},"65":{"start":{"line":212,"column":8},"end":{"line":212,"column":52}},"66":{"start":{"line":213,"column":8},"end":{"line":218,"column":9}},"67":{"start":{"line":215,"column":12},"end":{"line":217,"column":96}},"68":{"start":{"line":216,"column":33},"end":{"line":216,"column":83}},"69":{"start":{"line":217,"column":32},"end":{"line":217,"column":94}},"70":{"start":{"line":221,"column":8},"end":{"line":221,"column":93}},"71":{"start":{"line":223,"column":8},"end":{"line":223,"column":34}}},"fnMap":{"0":{"name":"(anonymous_1)","decl":{"start":{"line":14,"column":23},"end":{"line":14,"column":28}},"loc":{"start":{"line":14,"column":84},"end":{"line":103,"column":5}}},"1":{"name":"(anonymous_2)","decl":{"start":{"line":91,"column":18},"end":{"line":91,"column":23}},"loc":{"start":{"line":91,"column":27},"end":{"line":91,"column":95}}},"2":{"name":"(anonymous_3)","decl":{"start":{"line":92,"column":19},"end":{"line":92,"column":24}},"loc":{"start":{"line":92,"column":28},"end":{"line":92,"column":88}}},"3":{"name":"(anonymous_4)","decl":{"start":{"line":104,"column":17},"end":{"line":104,"column":22}},"loc":{"start":{"line":104,"column":118},"end":{"line":224,"column":5}}},"4":{"name":"(anonymous_5)","decl":{"start":{"line":141,"column":40},"end":{"line":141,"column":41}},"loc":{"start":{"line":141,"column":48},"end":{"line":144,"column":10}}},"5":{"name":"(anonymous_6)","decl":{"start":{"line":206,"column":26},"end":{"line":206,"column":31}},"loc":{"start":{"line":206,"column":35},"end":{"line":206,"column":81}}},"6":{"name":"(anonymous_7)","decl":{"start":{"line":207,"column":27},"end":{"line":207,"column":32}},"loc":{"start":{"line":207,"column":36},"end":{"line":207,"column":96}}},"7":{"name":"(anonymous_8)","decl":{"start":{"line":216,"column":22},"end":{"line":216,"column":29}},"loc":{"start":{"line":216,"column":33},"end":{"line":216,"column":83}}},"8":{"name":"(anonymous_9)","decl":{"start":{"line":217,"column":23},"end":{"line":217,"column":28}},"loc":{"start":{"line":217,"column":32},"end":{"line":217,"column":94}}}},"branchMap":{"0":{"loc":{"start":{"line":16,"column":8},"end":{"line":18,"column":9}},"type":"if","locations":[{"start":{"line":16,"column":8},"end":{"line":18,"column":9}}]},"1":{"loc":{"start":{"line":22,"column":8},"end":{"line":33,"column":9}},"type":"if","locations":[{"start":{"line":22,"column":8},"end":{"line":33,"column":9}}]},"2":{"loc":{"start":{"line":54,"column":8},"end":{"line":65,"column":9}},"type":"if","locations":[{"start":{"line":54,"column":8},"end":{"line":65,"column":9}}]},"3":{"loc":{"start":{"line":80,"column":19},"end":{"line":86,"column":27}},"type":"cond-expr","locations":[{"start":{"line":81,"column":18},"end":{"line":85,"column":null}},{"start":{"line":86,"column":18},"end":{"line":86,"column":27}}]},"4":{"loc":{"start":{"line":107,"column":8},"end":{"line":109,"column":9}},"type":"if","locations":[{"start":{"line":107,"column":8},"end":{"line":109,"column":9}}]},"5":{"loc":{"start":{"line":113,"column":8},"end":{"line":124,"column":9}},"type":"if","locations":[{"start":{"line":113,"column":8},"end":{"line":124,"column":9}}]},"6":{"loc":{"start":{"line":127,"column":8},"end":{"line":129,"column":9}},"type":"if","locations":[{"start":{"line":127,"column":8},"end":{"line":129,"column":9}}]},"7":{"loc":{"start":{"line":127,"column":12},"end":{"line":127,"column":73}},"type":"binary-expr","locations":[{"start":{"line":127,"column":12},"end":{"line":127,"column":25}},{"start":{"line":127,"column":29},"end":{"line":127,"column":73}}]},"8":{"loc":{"start":{"line":155,"column":8},"end":{"line":166,"column":9}},"type":"if","locations":[{"start":{"line":155,"column":8},"end":{"line":166,"column":9}}]},"9":{"loc":{"start":{"line":179,"column":8},"end":{"line":182,"column":9}},"type":"if","locations":[{"start":{"line":179,"column":8},"end":{"line":182,"column":9}}]},"10":{"loc":{"start":{"line":191,"column":19},"end":{"line":197,"column":27}},"type":"cond-expr","locations":[{"start":{"line":192,"column":18},"end":{"line":196,"column":null}},{"start":{"line":197,"column":18},"end":{"line":197,"column":27}}]},"11":{"loc":{"start":{"line":201,"column":8},"end":{"line":209,"column":9}},"type":"if","locations":[{"start":{"line":201,"column":8},"end":{"line":209,"column":9}}]},"12":{"loc":{"start":{"line":203,"column":12},"end":{"line":208,"column":13}},"type":"if","locations":[{"start":{"line":203,"column":12},"end":{"line":208,"column":13}}]},"13":{"loc":{"start":{"line":213,"column":8},"end":{"line":218,"column":9}},"type":"if","locations":[{"start":{"line":213,"column":8},"end":{"line":218,"column":9}}]},"14":{"loc":{"start":{"line":213,"column":12},"end":{"line":213,"column":63}},"type":"binary-expr","locations":[{"start":{"line":213,"column":12},"end":{"line":213,"column":30}},{"start":{"line":213,"column":34},"end":{"line":213,"column":63}}]}},"s":{"0":0,"1":0,"2":0,"3":0,"4":0,"5":0,"6":0,"7":0,"8":0,"9":0,"10":0,"11":0,"12":0,"13":0,"14":0,"15":0,"16":0,"17":0,"18":0,"19":0,"20":0,"21":0,"22":0,"23":0,"24":0,"25":0,"26":0,"27":0,"28":0,"29":0,"30":0,"31":0,"32":0,"33":0,"34":0,"35":0,"36":0,"37":0,"38":0,"39":0,"40":0,"41":0,"42":0,"43":0,"44":0,"45":0,"46":0,"47":0,"48":0,"49":0,"50":0,"51":0,"52":0,"53":0,"54":0,"55":0,"56":0,"57":0,"58":0,"59":0,"60":0,"61":0,"62":0,"63":0,"64":0,"65":0,"66":0,"67":0,"68":0,"69":0,"70":0,"71":0},"f":{"0":0,"1":0,"2":0,"3":0,"4":0,"5":0,"6":0,"7":0,"8":0},"b":{"0":[0],"1":[0],"2":[0],"3":[0,0],"4":[0],"5":[0],"6":[0],"7":[0,0],"8":[0],"9":[0],"10":[0,0],"11":[0],"12":[0],"13":[0],"14":[0,0]}}
,"/Users/luisfaria/Desktop/sEngineer/excelPilot/src/resolvers/conversations/queries.ts": {"path":"/Users/luisfaria/Desktop/sEngineer/excelPilot/src/resolvers/conversations/queries.ts","statementMap":{"0":{"start":{"line":1,"column":0},"end":{"line":1,"column":39}},"1":{"start":{"line":2,"column":0},"end":{"line":2,"column":49}},"2":{"start":{"line":3,"column":0},"end":{"line":3,"column":60}},"3":{"start":{"line":4,"column":0},"end":{"line":4,"column":53}},"4":{"start":{"line":5,"column":0},"end":{"line":5,"column":43}},"5":{"start":{"line":6,"column":0},"end":{"line":6,"column":76}},"6":{"start":{"line":8,"column":13},"end":{"line":92,"column":null}},"7":{"start":{"line":12,"column":8},"end":{"line":12,"column":25}},"8":{"start":{"line":13,"column":8},"end":{"line":15,"column":9}},"9":{"start":{"line":14,"column":12},"end":{"line":14,"column":54}},"10":{"start":{"line":16,"column":30},"end":{"line":16,"column":113}},"11":{"start":{"line":19,"column":37},"end":{"line":30,"column":10}},"12":{"start":{"line":20,"column":28},"end":{"line":20,"column":58}},"13":{"start":{"line":21,"column":12},"end":{"line":29,"column":14}},"14":{"start":{"line":32,"column":8},"end":{"line":32,"column":36}},"15":{"start":{"line":43,"column":8},"end":{"line":43,"column":25}},"16":{"start":{"line":44,"column":8},"end":{"line":46,"column":9}},"17":{"start":{"line":45,"column":12},"end":{"line":45,"column":54}},"18":{"start":{"line":49,"column":29},"end":{"line":49,"column":72}},"19":{"start":{"line":50,"column":8},"end":{"line":52,"column":9}},"20":{"start":{"line":51,"column":12},"end":{"line":51,"column":48}},"21":{"start":{"line":55,"column":28},"end":{"line":55,"column":51}},"22":{"start":{"line":56,"column":22},"end":{"line":59,"column":10}},"23":{"start":{"line":62,"column":25},"end":{"line":64,"column":29}},"24":{"start":{"line":70,"column":28},"end":{"line":70,"column":51}},"25":{"start":{"line":71,"column":32},"end":{"line":71,"column":39}},"26":{"start":{"line":73,"column":8},"end":{"line":75,"column":9}},"27":{"start":{"line":74,"column":12},"end":{"line":74,"column":27}},"28":{"start":{"line":78,"column":32},"end":{"line":85,"column":10}},"29":{"start":{"line":79,"column":31},"end":{"line":79,"column":56}},"30":{"start":{"line":80,"column":12},"end":{"line":84,"column":14}},"31":{"start":{"line":88,"column":27},"end":{"line":88,"column":139}},"32":{"start":{"line":90,"column":8},"end":{"line":90,"column":26}}},"fnMap":{"0":{"name":"(anonymous_1)","decl":{"start":{"line":11,"column":19},"end":{"line":11,"column":24}},"loc":{"start":{"line":11,"column":55},"end":{"line":33,"column":5}}},"1":{"name":"(anonymous_2)","decl":{"start":{"line":19,"column":55},"end":{"line":19,"column":67}},"loc":{"start":{"line":19,"column":70},"end":{"line":30,"column":9}}},"2":{"name":"(anonymous_3)","decl":{"start":{"line":36,"column":14},"end":{"line":36,"column":19}},"loc":{"start":{"line":42,"column":19},"end":{"line":91,"column":5}}},"3":{"name":"(anonymous_4)","decl":{"start":{"line":78,"column":45},"end":{"line":78,"column":52}},"loc":{"start":{"line":78,"column":55},"end":{"line":85,"column":9}}}},"branchMap":{"0":{"loc":{"start":{"line":13,"column":8},"end":{"line":15,"column":9}},"type":"if","locations":[{"start":{"line":13,"column":8},"end":{"line":15,"column":9}}]},"1":{"loc":{"start":{"line":36,"column":46},"end":{"line":36,"column":56}},"type":"default-arg","locations":[{"start":{"line":36,"column":54},"end":{"line":36,"column":56}}]},"2":{"loc":{"start":{"line":44,"column":8},"end":{"line":46,"column":9}},"type":"if","locations":[{"start":{"line":44,"column":8},"end":{"line":46,"column":9}}]},"3":{"loc":{"start":{"line":50,"column":8},"end":{"line":52,"column":9}},"type":"if","locations":[{"start":{"line":50,"column":8},"end":{"line":52,"column":9}}]},"4":{"loc":{"start":{"line":50,"column":12},"end":{"line":50,"column":73}},"type":"binary-expr","locations":[{"start":{"line":50,"column":12},"end":{"line":50,"column":25}},{"start":{"line":50,"column":29},"end":{"line":50,"column":73}}]},"5":{"loc":{"start":{"line":73,"column":8},"end":{"line":75,"column":9}},"type":"if","locations":[{"start":{"line":73,"column":8},"end":{"line":75,"column":9}}]}},"s":{"0":0,"1":0,"2":0,"3":0,"4":0,"5":0,"6":0,"7":0,"8":0,"9":0,"10":0,"11":0,"12":0,"13":0,"14":0,"15":0,"16":0,"17":0,"18":0,"19":0,"20":0,"21":0,"22":0,"23":0,"24":0,"25":0,"26":0,"27":0,"28":0,"29":0,"30":0,"31":0,"32":0},"f":{"0":0,"1":0,"2":0,"3":0},"b":{"0":[0],"1":[0],"2":[0],"3":[0],"4":[0,0],"5":[0]}}
,"/Users/luisfaria/Desktop/sEngineer/excelPilot/src/resolvers/users/mutations.ts": {"path":"/Users/luisfaria/Desktop/sEngineer/excelPilot/src/resolvers/users/mutations.ts","statementMap":{"0":{"start":{"line":1,"column":0},"end":{"line":1,"column":42}},"1":{"start":{"line":2,"column":0},"end":{"line":2,"column":62}},"2":{"start":{"line":4,"column":13},"end":{"line":71,"column":null}},"3":{"start":{"line":19,"column":8},"end":{"line":27,"column":9}},"4":{"start":{"line":20,"column":12},"end":{"line":20,"column":85}},"5":{"start":{"line":21,"column":25},"end":{"line":21,"column":70}},"6":{"start":{"line":22,"column":12},"end":{"line":22,"column":54}},"7":{"start":{"line":23,"column":12},"end":{"line":23,"column":24}},"8":{"start":{"line":25,"column":12},"end":{"line":25,"column":59}},"9":{"start":{"line":26,"column":12},"end":{"line":26,"column":24}},"10":{"start":{"line":41,"column":8},"end":{"line":54,"column":9}},"11":{"start":{"line":42,"column":12},"end":{"line":42,"column":29}},"12":{"start":{"line":43,"column":12},"end":{"line":43,"column":89}},"13":{"start":{"line":44,"column":25},"end":{"line":47,"column":null}},"14":{"start":{"line":49,"column":12},"end":{"line":49,"column":54}},"15":{"start":{"line":50,"column":12},"end":{"line":50,"column":24}},"16":{"start":{"line":52,"column":12},"end":{"line":52,"column":59}},"17":{"start":{"line":53,"column":12},"end":{"line":53,"column":24}},"18":{"start":{"line":59,"column":8},"end":{"line":69,"column":9}},"19":{"start":{"line":60,"column":12},"end":{"line":60,"column":null}},"20":{"start":{"line":61,"column":12},"end":{"line":61,"column":40}},"21":{"start":{"line":62,"column":12},"end":{"line":62,"column":69}},"22":{"start":{"line":63,"column":25},"end":{"line":63,"column":62}},"23":{"start":{"line":64,"column":12},"end":{"line":64,"column":54}},"24":{"start":{"line":65,"column":12},"end":{"line":65,"column":24}},"25":{"start":{"line":67,"column":12},"end":{"line":67,"column":59}},"26":{"start":{"line":68,"column":12},"end":{"line":68,"column":24}}},"fnMap":{"0":{"name":"(anonymous_1)","decl":{"start":{"line":11,"column":16},"end":{"line":11,"column":21}},"loc":{"start":{"line":18,"column":13},"end":{"line":28,"column":5}}},"1":{"name":"(anonymous_2)","decl":{"start":{"line":31,"column":16},"end":{"line":31,"column":21}},"loc":{"start":{"line":40,"column":23},"end":{"line":55,"column":5}}},"2":{"name":"(anonymous_3)","decl":{"start":{"line":58,"column":16},"end":{"line":58,"column":21}},"loc":{"start":{"line":58,"column":67},"end":{"line":70,"column":5}}}},"branchMap":{},"s":{"0":0,"1":0,"2":0,"3":0,"4":0,"5":0,"6":0,"7":0,"8":0,"9":0,"10":0,"11":0,"12":0,"13":0,"14":0,"15":0,"16":0,"17":0,"18":0,"19":0,"20":0,"21":0,"22":0,"23":0,"24":0,"25":0,"26":0},"f":{"0":0,"1":0,"2":0},"b":{}}
,"/Users/luisfaria/Desktop/sEngineer/excelPilot/src/resolvers/users/queries.ts": {"path":"/Users/luisfaria/Desktop/sEngineer/excelPilot/src/resolvers/users/queries.ts","statementMap":{"0":{"start":{"line":1,"column":0},"end":{"line":1,"column":42}},"1":{"start":{"line":2,"column":0},"end":{"line":2,"column":49}},"2":{"start":{"line":4,"column":13},"end":{"line":37,"column":null}},"3":{"start":{"line":7,"column":8},"end":{"line":7,"column":25}},"4":{"start":{"line":8,"column":8},"end":{"line":21,"column":9}},"5":{"start":{"line":14,"column":12},"end":{"line":14,"column":57}},"6":{"start":{"line":15,"column":26},"end":{"line":15,"column":55}},"7":{"start":{"line":16,"column":12},"end":{"line":16,"column":63}},"8":{"start":{"line":17,"column":12},"end":{"line":17,"column":31}},"9":{"start":{"line":19,"column":12},"end":{"line":19,"column":60}},"10":{"start":{"line":20,"column":12},"end":{"line":20,"column":24}},"11":{"start":{"line":26,"column":8},"end":{"line":26,"column":25}},"12":{"start":{"line":27,"column":8},"end":{"line":35,"column":9}},"13":{"start":{"line":28,"column":12},"end":{"line":28,"column":69}},"14":{"start":{"line":29,"column":25},"end":{"line":29,"column":60}},"15":{"start":{"line":30,"column":12},"end":{"line":30,"column":63}},"16":{"start":{"line":31,"column":12},"end":{"line":31,"column":24}},"17":{"start":{"line":33,"column":12},"end":{"line":33,"column":59}},"18":{"start":{"line":34,"column":12},"end":{"line":34,"column":24}}},"fnMap":{"0":{"name":"(anonymous_1)","decl":{"start":{"line":6,"column":11},"end":{"line":6,"column":16}},"loc":{"start":{"line":6,"column":47},"end":{"line":22,"column":5}}},"1":{"name":"(anonymous_2)","decl":{"start":{"line":25,"column":10},"end":{"line":25,"column":15}},"loc":{"start":{"line":25,"column":61},"end":{"line":36,"column":5}}}},"branchMap":{"0":{"loc":{"start":{"line":16,"column":43},"end":{"line":16,"column":61}},"type":"binary-expr","locations":[{"start":{"line":16,"column":43},"end":{"line":16,"column":56}},{"start":{"line":16,"column":60},"end":{"line":16,"column":61}}]},"1":{"loc":{"start":{"line":17,"column":19},"end":{"line":17,"column":30}},"type":"binary-expr","locations":[{"start":{"line":17,"column":19},"end":{"line":17,"column":24}},{"start":{"line":17,"column":28},"end":{"line":17,"column":30}}]},"2":{"loc":{"start":{"line":30,"column":42},"end":{"line":30,"column":61}},"type":"cond-expr","locations":[{"start":{"line":30,"column":49},"end":{"line":30,"column":54}},{"start":{"line":30,"column":57},"end":{"line":30,"column":61}}]}},"s":{"0":0,"1":0,"2":0,"3":0,"4":0,"5":0,"6":0,"7":0,"8":0,"9":0,"10":0,"11":0,"12":0,"13":0,"14":0,"15":0,"16":0,"17":0,"18":0},"f":{"0":0,"1":0},"b":{"0":[0,0],"1":[0,0],"2":[0,0]}}
,"/Users/luisfaria/Desktop/sEngineer/excelPilot/src/routes/user.ts": {"path":"/Users/luisfaria/Desktop/sEngineer/excelPilot/src/routes/user.ts","statementMap":{"0":{"start":{"line":1,"column":0},"end":{"line":1,"column":32}},"1":{"start":{"line":2,"column":0},"end":{"line":2,"column":33}},"2":{"start":{"line":3,"column":0},"end":{"line":3,"column":39}},"3":{"start":{"line":4,"column":0},"end":{"line":4,"column":49}},"4":{"start":{"line":5,"column":0},"end":{"line":5,"column":46}},"5":{"start":{"line":7,"column":15},"end":{"line":7,"column":23}},"6":{"start":{"line":12,"column":0},"end":{"line":19,"column":3}},"7":{"start":{"line":13,"column":4},"end":{"line":18,"column":5}},"8":{"start":{"line":14,"column":22},"end":{"line":14,"column":51}},"9":{"start":{"line":15,"column":8},"end":{"line":15,"column":24}},"10":{"start":{"line":17,"column":8},"end":{"line":17,"column":20}},"11":{"start":{"line":24,"column":0},"end":{"line":34,"column":null}},"12":{"start":{"line":25,"column":4},"end":{"line":33,"column":5}},"13":{"start":{"line":26,"column":22},"end":{"line":26,"column":32}},"14":{"start":{"line":27,"column":8},"end":{"line":27,"column":79}},"15":{"start":{"line":27,"column":41},"end":{"line":27,"column":79}},"16":{"start":{"line":28,"column":21},"end":{"line":28,"column":56}},"17":{"start":{"line":29,"column":8},"end":{"line":29,"column":61}},"18":{"start":{"line":29,"column":19},"end":{"line":29,"column":61}},"19":{"start":{"line":30,"column":8},"end":{"line":30,"column":23}},"20":{"start":{"line":32,"column":8},"end":{"line":32,"column":20}},"21":{"start":{"line":41,"column":0},"end":{"line":56,"column":null}},"22":{"start":{"line":42,"column":4},"end":{"line":55,"column":5}},"23":{"start":{"line":43,"column":38},"end":{"line":43,"column":46}},"24":{"start":{"line":44,"column":8},"end":{"line":44,"column":89}},"25":{"start":{"line":44,"column":38},"end":{"line":44,"column":89}},"26":{"start":{"line":45,"column":8},"end":{"line":45,"column":103}},"27":{"start":{"line":45,"column":55},"end":{"line":45,"column":103}},"28":{"start":{"line":46,"column":8},"end":{"line":46,"column":87}},"29":{"start":{"line":46,"column":47},"end":{"line":46,"column":87}},"30":{"start":{"line":48,"column":23},"end":{"line":48,"column":64}},"31":{"start":{"line":49,"column":8},"end":{"line":49,"column":67}},"32":{"start":{"line":49,"column":20},"end":{"line":49,"column":67}},"33":{"start":{"line":51,"column":21},"end":{"line":51,"column":66}},"34":{"start":{"line":52,"column":8},"end":{"line":52,"column":35}},"35":{"start":{"line":54,"column":8},"end":{"line":54,"column":20}},"36":{"start":{"line":63,"column":0},"end":{"line":73,"column":null}},"37":{"start":{"line":64,"column":4},"end":{"line":72,"column":5}},"38":{"start":{"line":65,"column":23},"end":{"line":65,"column":33}},"39":{"start":{"line":66,"column":8},"end":{"line":66,"column":79}},"40":{"start":{"line":66,"column":41},"end":{"line":66,"column":79}},"41":{"start":{"line":67,"column":20},"end":{"line":67,"column":99}},"42":{"start":{"line":68,"column":8},"end":{"line":68,"column":55}},"43":{"start":{"line":68,"column":18},"end":{"line":68,"column":55}},"44":{"start":{"line":69,"column":8},"end":{"line":69,"column":22}},"45":{"start":{"line":71,"column":8},"end":{"line":71,"column":20}},"46":{"start":{"line":78,"column":0},"end":{"line":85,"column":3}},"47":{"start":{"line":79,"column":4},"end":{"line":84,"column":28}},"48":{"start":{"line":80,"column":23},"end":{"line":80,"column":33}},"49":{"start":{"line":81,"column":8},"end":{"line":81,"column":79}},"50":{"start":{"line":81,"column":41},"end":{"line":81,"column":79}},"51":{"start":{"line":82,"column":23},"end":{"line":82,"column":60}},"52":{"start":{"line":83,"column":8},"end":{"line":83,"column":35}},"53":{"start":{"line":84,"column":18},"end":{"line":84,"column":26}},"54":{"start":{"line":87,"column":0},"end":{"line":87,"column":22}}},"fnMap":{"0":{"name":"(anonymous_1)","decl":{"start":{"line":12,"column":29},"end":{"line":12,"column":34}},"loc":{"start":{"line":12,"column":55},"end":{"line":19,"column":1}}},"1":{"name":"(anonymous_2)","decl":{"start":{"line":24,"column":32},"end":{"line":24,"column":37}},"loc":{"start":{"line":24,"column":57},"end":{"line":34,"column":1}}},"2":{"name":"(anonymous_3)","decl":{"start":{"line":41,"column":17},"end":{"line":41,"column":22}},"loc":{"start":{"line":41,"column":42},"end":{"line":56,"column":1}}},"3":{"name":"(anonymous_4)","decl":{"start":{"line":63,"column":33},"end":{"line":63,"column":38}},"loc":{"start":{"line":63,"column":58},"end":{"line":73,"column":1}}},"4":{"name":"(anonymous_5)","decl":{"start":{"line":78,"column":35},"end":{"line":78,"column":40}},"loc":{"start":{"line":78,"column":60},"end":{"line":85,"column":1}}}},"branchMap":{"0":{"loc":{"start":{"line":27,"column":8},"end":{"line":27,"column":79}},"type":"if","locations":[{"start":{"line":27,"column":8},"end":{"line":27,"column":79}}]},"1":{"loc":{"start":{"line":29,"column":8},"end":{"line":29,"column":61}},"type":"if","locations":[{"start":{"line":29,"column":8},"end":{"line":29,"column":61}}]},"2":{"loc":{"start":{"line":44,"column":8},"end":{"line":44,"column":89}},"type":"if","locations":[{"start":{"line":44,"column":8},"end":{"line":44,"column":89}}]},"3":{"loc":{"start":{"line":44,"column":12},"end":{"line":44,"column":36}},"type":"binary-expr","locations":[{"start":{"line":44,"column":12},"end":{"line":44,"column":17}},{"start":{"line":44,"column":21},"end":{"line":44,"column":27}},{"start":{"line":44,"column":31},"end":{"line":44,"column":36}}]},"4":{"loc":{"start":{"line":45,"column":8},"end":{"line":45,"column":103}},"type":"if","locations":[{"start":{"line":45,"column":8},"end":{"line":45,"column":103}}]},"5":{"loc":{"start":{"line":46,"column":8},"end":{"line":46,"column":87}},"type":"if","locations":[{"start":{"line":46,"column":8},"end":{"line":46,"column":87}}]},"6":{"loc":{"start":{"line":49,"column":8},"end":{"line":49,"column":67}},"type":"if","locations":[{"start":{"line":49,"column":8},"end":{"line":49,"column":67}}]},"7":{"loc":{"start":{"line":66,"column":8},"end":{"line":66,"column":79}},"type":"if","locations":[{"start":{"line":66,"column":8},"end":{"line":66,"column":79}}]},"8":{"loc":{"start":{"line":68,"column":8},"end":{"line":68,"column":55}},"type":"if","locations":[{"start":{"line":68,"column":8},"end":{"line":68,"column":55}}]},"9":{"loc":{"start":{"line":81,"column":8},"end":{"line":81,"column":79}},"type":"if","locations":[{"start":{"line":81,"column":8},"end":{"line":81,"column":79}}]}},"s":{"0":0,"1":0,"2":0,"3":0,"4":0,"5":0,"6":0,"7":0,"8":0,"9":0,"10":0,"11":0,"12":0,"13":0,"14":0,"15":0,"16":0,"17":0,"18":0,"19":0,"20":0,"21":0,"22":0,"23":0,"24":0,"25":0,"26":0,"27":0,"28":0,"29":0,"30":0,"31":0,"32":0,"33":0,"34":0,"35":0,"36":0,"37":0,"38":0,"39":0,"40":0,"41":0,"42":0,"43":0,"44":0,"45":0,"46":0,"47":0,"48":0,"49":0,"50":0,"51":0,"52":0,"53":0,"54":0},"f":{"0":0,"1":0,"2":0,"3":0,"4":0},"b":{"0":[0],"1":[0],"2":[0],"3":[0,0,0],"4":[0],"5":[0],"6":[0],"7":[0],"8":[0],"9":[0]}}
,"/Users/luisfaria/Desktop/sEngineer/excelPilot/src/schemas/typeDefs.ts": {"path":"/Users/luisfaria/Desktop/sEngineer/excelPilot/src/schemas/typeDefs.ts","statementMap":{"0":{"start":{"line":1,"column":0},"end":{"line":1,"column":46}},"1":{"start":{"line":2,"column":0},"end":{"line":2,"column":62}},"2":{"start":{"line":4,"column":13},"end":{"line":7,"column":2}}},"fnMap":{},"branchMap":{},"s":{"0":0,"1":0,"2":0},"f":{},"b":{}}
,"/Users/luisfaria/Desktop/sEngineer/excelPilot/src/schemas/types/conversationTypes.ts": {"path":"/Users/luisfaria/Desktop/sEngineer/excelPilot/src/schemas/types/conversationTypes.ts","statementMap":{"0":{"start":{"line":1,"column":13},"end":{"line":54,"column":null}}},"fnMap":{},"branchMap":{},"s":{"0":0},"f":{},"b":{}}
,"/Users/luisfaria/Desktop/sEngineer/excelPilot/src/schemas/types/userTypes.ts": {"path":"/Users/luisfaria/Desktop/sEngineer/excelPilot/src/schemas/types/userTypes.ts","statementMap":{"0":{"start":{"line":1,"column":13},"end":{"line":52,"column":null}}},"fnMap":{},"branchMap":{},"s":{"0":0},"f":{},"b":{}}
,"/Users/luisfaria/Desktop/sEngineer/excelPilot/src/scripts/newUser.ts": {"path":"/Users/luisfaria/Desktop/sEngineer/excelPilot/src/scripts/newUser.ts","statementMap":{"0":{"start":{"line":4,"column":0},"end":{"line":4,"column":32}},"1":{"start":{"line":5,"column":0},"end":{"line":5,"column":39}},"2":{"start":{"line":8,"column":2},"end":{"line":8,"column":65}},"3":{"start":{"line":10,"column":12},"end":{"line":14,"column":4}},"4":{"start":{"line":15,"column":2},"end":{"line":15,"column":17}},"5":{"start":{"line":18,"column":2},"end":{"line":18,"column":30}},"6":{"start":{"line":20,"column":0},"end":{"line":20,"column":34}}},"fnMap":{"0":{"name":"createUser","decl":{"start":{"line":7,"column":15},"end":{"line":7,"column":25}},"loc":{"start":{"line":7,"column":25},"end":{"line":19,"column":1}}}},"branchMap":{},"s":{"0":0,"1":0,"2":0,"3":0,"4":0,"5":0,"6":0},"f":{"0":0},"b":{}}
,"/Users/luisfaria/Desktop/sEngineer/excelPilot/src/services/openAi.ts": {"path":"/Users/luisfaria/Desktop/sEngineer/excelPilot/src/services/openAi.ts","statementMap":{"0":{"start":{"line":10,"column":0},"end":{"line":10,"column":16}},"1":{"start":{"line":26,"column":0},"end":{"line":26,"column":7}},"2":{"start":{"line":2,"column":0},"end":{"line":2,"column":28}},"3":{"start":{"line":3,"column":0},"end":{"line":3,"column":45}},"4":{"start":{"line":4,"column":0},"end":{"line":4,"column":39}},"5":{"start":{"line":6,"column":15},"end":{"line":6,"column":66}},"6":{"start":{"line":9,"column":40},"end":{"line":9,"column":44}},"7":{"start":{"line":11,"column":2},"end":{"line":17,"column":3}},"8":{"start":{"line":12,"column":25},"end":{"line":12,"column":58}},"9":{"start":{"line":13,"column":4},"end":{"line":16,"column":17}},"10":{"start":{"line":18,"column":2},"end":{"line":18,"column":28}},"11":{"start":{"line":39,"column":2},"end":{"line":78,"column":3}},"12":{"start":{"line":41,"column":33},"end":{"line":41,"column":50}},"13":{"start":{"line":43,"column":4},"end":{"line":49,"column":5}},"14":{"start":{"line":44,"column":34},"end":{"line":46,"column":17}},"15":{"start":{"line":45,"column":18},"end":{"line":45,"column":61}},"16":{"start":{"line":48,"column":6},"end":{"line":48,"column":85}},"17":{"start":{"line":51,"column":21},"end":{"line":57,"column":6}},"18":{"start":{"line":59,"column":4},"end":{"line":68,"column":6}},"19":{"start":{"line":71,"column":4},"end":{"line":71,"column":56}},"20":{"start":{"line":72,"column":4},"end":{"line":77,"column":7}},"21":{"start":{"line":139,"column":0},"end":{"line":139,"column":22}}},"fnMap":{"0":{"name":"getSystemPrompt","decl":{"start":{"line":10,"column":16},"end":{"line":10,"column":31}},"loc":{"start":{"line":10,"column":31},"end":{"line":19,"column":1}}},"1":{"name":"askOpenAI","decl":{"start":{"line":26,"column":22},"end":{"line":26,"column":31}},"loc":{"start":{"line":38,"column":1},"end":{"line":79,"column":1}}},"2":{"name":"(anonymous_3)","decl":{"start":{"line":45,"column":11},"end":{"line":45,"column":14}},"loc":{"start":{"line":45,"column":18},"end":{"line":45,"column":61}}}},"branchMap":{"0":{"loc":{"start":{"line":11,"column":2},"end":{"line":17,"column":3}},"type":"if","locations":[{"start":{"line":11,"column":2},"end":{"line":17,"column":3}}]},"1":{"loc":{"start":{"line":27,"column":2},"end":{"line":27,"column":14}},"type":"default-arg","locations":[{"start":{"line":27,"column":12},"end":{"line":27,"column":14}}]},"2":{"loc":{"start":{"line":29,"column":2},"end":{"line":29,"column":23}},"type":"default-arg","locations":[{"start":{"line":29,"column":10},"end":{"line":29,"column":23}}]},"3":{"loc":{"start":{"line":30,"column":2},"end":{"line":30,"column":19}},"type":"default-arg","locations":[{"start":{"line":30,"column":16},"end":{"line":30,"column":19}}]},"4":{"loc":{"start":{"line":31,"column":2},"end":{"line":31,"column":23}},"type":"default-arg","locations":[{"start":{"line":31,"column":20},"end":{"line":31,"column":23}}]},"5":{"loc":{"start":{"line":43,"column":4},"end":{"line":49,"column":5}},"type":"if","locations":[{"start":{"line":43,"column":4},"end":{"line":49,"column":5}}]},"6":{"loc":{"start":{"line":60,"column":12},"end":{"line":60,"column":38}},"type":"binary-expr","locations":[{"start":{"line":60,"column":12},"end":{"line":60,"column":32}},{"start":{"line":60,"column":36},"end":{"line":60,"column":38}}]},"7":{"loc":{"start":{"line":61,"column":13},"end":{"line":65,"column":14}},"type":"cond-expr","locations":[{"start":{"line":61,"column":30},"end":{"line":65,"column":8}},{"start":{"line":65,"column":10},"end":{"line":65,"column":14}}]},"8":{"loc":{"start":{"line":66,"column":13},"end":{"line":66,"column":36}},"type":"binary-expr","locations":[{"start":{"line":66,"column":13},"end":{"line":66,"column":27}},{"start":{"line":66,"column":31},"end":{"line":66,"column":36}}]},"9":{"loc":{"start":{"line":75,"column":23},"end":{"line":75,"column":79}},"type":"cond-expr","locations":[{"start":{"line":75,"column":48},"end":{"line":75,"column":61}},{"start":{"line":75,"column":64},"end":{"line":75,"column":79}}]}},"s":{"0":0,"1":0,"2":0,"3":0,"4":0,"5":0,"6":0,"7":0,"8":0,"9":0,"10":0,"11":0,"12":0,"13":0,"14":0,"15":0,"16":0,"17":0,"18":0,"19":0,"20":0,"21":0},"f":{"0":0,"1":0,"2":0},"b":{"0":[0],"1":[0],"2":[0],"3":[0],"4":[0],"5":[0],"6":[0,0],"7":[0,0],"8":[0,0],"9":[0,0]}}
,"/Users/luisfaria/Desktop/sEngineer/excelPilot/src/services/summaryGenerator.ts": {"path":"/Users/luisfaria/Desktop/sEngineer/excelPilot/src/services/summaryGenerator.ts","statementMap":{"0":{"start":{"line":6,"column":0},"end":{"line":6,"column":7}},"1":{"start":{"line":47,"column":0},"end":{"line":47,"column":7}},"2":{"start":{"line":1,"column":0},"end":{"line":1,"column":23}},"3":{"start":{"line":2,"column":0},"end":{"line":2,"column":47}},"4":{"start":{"line":3,"column":0},"end":{"line":3,"column":50}},"5":{"start":{"line":9,"column":4},"end":{"line":44,"column":5}},"6":{"start":{"line":11,"column":30},"end":{"line":19,"column":33}},"7":{"start":{"line":21,"column":25},"end":{"line":27,"column":10}},"8":{"start":{"line":30,"column":22},"end":{"line":30,"column":42}},"9":{"start":{"line":33,"column":8},"end":{"line":33,"column":48}},"10":{"start":{"line":36,"column":8},"end":{"line":38,"column":9}},"11":{"start":{"line":37,"column":12},"end":{"line":37,"column":42}},"12":{"start":{"line":40,"column":8},"end":{"line":40,"column":23}},"13":{"start":{"line":42,"column":8},"end":{"line":42,"column":71}},"14":{"start":{"line":43,"column":8},"end":{"line":43,"column":42}},"15":{"start":{"line":51,"column":4},"end":{"line":61,"column":5}},"16":{"start":{"line":52,"column":8},"end":{"line":56,"column":10}},"17":{"start":{"line":57,"column":8},"end":{"line":57,"column":90}},"18":{"start":{"line":59,"column":8},"end":{"line":59,"column":95}}},"fnMap":{"0":{"name":"generateConversationSummary","decl":{"start":{"line":6,"column":22},"end":{"line":6,"column":49}},"loc":{"start":{"line":7,"column":17},"end":{"line":45,"column":1}}},"1":{"name":"updateConversationSummary","decl":{"start":{"line":47,"column":22},"end":{"line":47,"column":47}},"loc":{"start":{"line":49,"column":19},"end":{"line":62,"column":1}}}},"branchMap":{"0":{"loc":{"start":{"line":36,"column":8},"end":{"line":38,"column":9}},"type":"if","locations":[{"start":{"line":36,"column":8},"end":{"line":38,"column":9}}]},"1":{"loc":{"start":{"line":36,"column":12},"end":{"line":36,"column":44}},"type":"binary-expr","locations":[{"start":{"line":36,"column":12},"end":{"line":36,"column":20}},{"start":{"line":36,"column":24},"end":{"line":36,"column":44}}]}},"s":{"0":0,"1":0,"2":0,"3":0,"4":0,"5":0,"6":0,"7":0,"8":0,"9":0,"10":0,"11":0,"12":0,"13":0,"14":0,"15":0,"16":0,"17":0,"18":0},"f":{"0":0,"1":0},"b":{"0":[0],"1":[0,0]}}
,"/Users/luisfaria/Desktop/sEngineer/excelPilot/src/services/titleGenerator.ts": {"path":"/Users/luisfaria/Desktop/sEngineer/excelPilot/src/services/titleGenerator.ts","statementMap":{"0":{"start":{"line":5,"column":0},"end":{"line":5,"column":7}},"1":{"start":{"line":48,"column":0},"end":{"line":48,"column":7}},"2":{"start":{"line":1,"column":0},"end":{"line":1,"column":23}},"3":{"start":{"line":2,"column":0},"end":{"line":2,"column":47}},"4":{"start":{"line":3,"column":0},"end":{"line":3,"column":50}},"5":{"start":{"line":14,"column":4},"end":{"line":45,"column":5}},"6":{"start":{"line":16,"column":28},"end":{"line":19,"column":48}},"7":{"start":{"line":21,"column":25},"end":{"line":27,"column":10}},"8":{"start":{"line":30,"column":20},"end":{"line":30,"column":40}},"9":{"start":{"line":33,"column":8},"end":{"line":33,"column":44}},"10":{"start":{"line":36,"column":8},"end":{"line":38,"column":9}},"11":{"start":{"line":37,"column":12},"end":{"line":37,"column":38}},"12":{"start":{"line":40,"column":8},"end":{"line":40,"column":21}},"13":{"start":{"line":43,"column":8},"end":{"line":43,"column":69}},"14":{"start":{"line":44,"column":8},"end":{"line":44,"column":34}},"15":{"start":{"line":54,"column":4},"end":{"line":64,"column":5}},"16":{"start":{"line":55,"column":8},"end":{"line":59,"column":10}},"17":{"start":{"line":60,"column":8},"end":{"line":60,"column":86}},"18":{"start":{"line":62,"column":8},"end":{"line":62,"column":93}}},"fnMap":{"0":{"name":"generateConversationTitle","decl":{"start":{"line":5,"column":22},"end":{"line":5,"column":47}},"loc":{"start":{"line":7,"column":22},"end":{"line":46,"column":1}}},"1":{"name":"updateConversationTitle","decl":{"start":{"line":48,"column":22},"end":{"line":48,"column":45}},"loc":{"start":{"line":50,"column":17},"end":{"line":65,"column":1}}}},"branchMap":{"0":{"loc":{"start":{"line":36,"column":8},"end":{"line":38,"column":9}},"type":"if","locations":[{"start":{"line":36,"column":8},"end":{"line":38,"column":9}}]},"1":{"loc":{"start":{"line":36,"column":12},"end":{"line":36,"column":39}},"type":"binary-expr","locations":[{"start":{"line":36,"column":12},"end":{"line":36,"column":18}},{"start":{"line":36,"column":22},"end":{"line":36,"column":39}}]}},"s":{"0":0,"1":0,"2":0,"3":0,"4":0,"5":0,"6":0,"7":0,"8":0,"9":0,"10":0,"11":0,"12":0,"13":0,"14":0,"15":0,"16":0,"17":0,"18":0},"f":{"0":0,"1":0},"b":{"0":[0],"1":[0,0]}}
,"/Users/luisfaria/Desktop/sEngineer/excelPilot/src/tests/test-graphql-rate-limit.ts": {"path":"/Users/luisfaria/Desktop/sEngineer/excelPilot/src/tests/test-graphql-rate-limit.ts","statementMap":{"0":{"start":{"line":1,"column":0},"end":{"line":1,"column":60}},"1":{"start":{"line":6,"column":19},"end":{"line":6,"column":38}},"2":{"start":{"line":8,"column":4},"end":{"line":8,"column":68}},"3":{"start":{"line":11,"column":4},"end":{"line":31,"column":5}},"4":{"start":{"line":11,"column":17},"end":{"line":11,"column":18}},"5":{"start":{"line":12,"column":8},"end":{"line":12,"column":66}},"6":{"start":{"line":15,"column":32},"end":{"line":15,"column":86}},"7":{"start":{"line":16,"column":8},"end":{"line":16,"column":59}},"8":{"start":{"line":18,"column":8},"end":{"line":27,"column":9}},"9":{"start":{"line":19,"column":12},"end":{"line":19,"column":70}},"10":{"start":{"line":20,"column":12},"end":{"line":20,"column":144}},"11":{"start":{"line":21,"column":12},"end":{"line":21,"column":49}},"12":{"start":{"line":22,"column":12},"end":{"line":22,"column":70}},"13":{"start":{"line":24,"column":12},"end":{"line":24,"column":68}},"14":{"start":{"line":25,"column":12},"end":{"line":25,"column":79}},"15":{"start":{"line":26,"column":12},"end":{"line":26,"column":75}},"16":{"start":{"line":29,"column":8},"end":{"line":29,"column":24}},"17":{"start":{"line":30,"column":8},"end":{"line":30,"column":63}},"18":{"start":{"line":30,"column":37},"end":{"line":30,"column":61}},"19":{"start":{"line":33,"column":4},"end":{"line":33,"column":20}},"20":{"start":{"line":37,"column":0},"end":{"line":37,"column":44}}},"fnMap":{"0":{"name":"testGraphQLRateLimit","decl":{"start":{"line":5,"column":15},"end":{"line":5,"column":35}},"loc":{"start":{"line":5,"column":35},"end":{"line":34,"column":1}}},"1":{"name":"(anonymous_1)","decl":{"start":{"line":30,"column":26},"end":{"line":30,"column":33}},"loc":{"start":{"line":30,"column":37},"end":{"line":30,"column":61}}}},"branchMap":{"0":{"loc":{"start":{"line":18,"column":8},"end":{"line":27,"column":9}},"type":"if","locations":[{"start":{"line":18,"column":8},"end":{"line":27,"column":9}},{"start":{"line":23,"column":15},"end":{"line":27,"column":9}}]}},"s":{"0":0,"1":0,"2":0,"3":0,"4":0,"5":0,"6":0,"7":0,"8":0,"9":0,"10":0,"11":0,"12":0,"13":0,"14":0,"15":0,"16":0,"17":0,"18":0,"19":0,"20":0},"f":{"0":0,"1":0},"b":{"0":[0,0]}}
,"/Users/luisfaria/Desktop/sEngineer/excelPilot/src/tests/test-openai-fix.ts": {"path":"/Users/luisfaria/Desktop/sEngineer/excelPilot/src/tests/test-openai-fix.ts","statementMap":{"0":{"start":{"line":1,"column":0},"end":{"line":1,"column":23}},"1":{"start":{"line":2,"column":0},"end":{"line":2,"column":47}},"2":{"start":{"line":8,"column":4},"end":{"line":8,"column":54}},"3":{"start":{"line":10,"column":4},"end":{"line":52,"column":5}},"4":{"start":{"line":12,"column":8},"end":{"line":12,"column":54}},"5":{"start":{"line":13,"column":24},"end":{"line":16,"column":10}},"6":{"start":{"line":18,"column":8},"end":{"line":18,"column":84}},"7":{"start":{"line":19,"column":8},"end":{"line":19,"column":48}},"8":{"start":{"line":20,"column":8},"end":{"line":20,"column":48}},"9":{"start":{"line":21,"column":8},"end":{"line":21,"column":63}},"10":{"start":{"line":24,"column":8},"end":{"line":24,"column":67}},"11":{"start":{"line":25,"column":24},"end":{"line":28,"column":10}},"12":{"start":{"line":30,"column":24},"end":{"line":33,"column":10}},"13":{"start":{"line":35,"column":8},"end":{"line":35,"column":88}},"14":{"start":{"line":36,"column":8},"end":{"line":36,"column":48}},"15":{"start":{"line":39,"column":8},"end":{"line":39,"column":67}},"16":{"start":{"line":40,"column":8},"end":{"line":45,"column":9}},"17":{"start":{"line":41,"column":12},"end":{"line":41,"column":71}},"18":{"start":{"line":42,"column":12},"end":{"line":42,"column":73}},"19":{"start":{"line":43,"column":12},"end":{"line":43,"column":71}},"20":{"start":{"line":44,"column":12},"end":{"line":44,"column":59}},"21":{"start":{"line":47,"column":8},"end":{"line":47,"column":83}},"22":{"start":{"line":50,"column":8},"end":{"line":50,"column":47}},"23":{"start":{"line":51,"column":8},"end":{"line":51,"column":24}},"24":{"start":{"line":54,"column":4},"end":{"line":54,"column":20}},"25":{"start":{"line":57,"column":0},"end":{"line":57,"column":37}}},"fnMap":{"0":{"name":"testOpenAIFix","decl":{"start":{"line":6,"column":15},"end":{"line":6,"column":28}},"loc":{"start":{"line":6,"column":28},"end":{"line":55,"column":1}}}},"branchMap":{"0":{"loc":{"start":{"line":40,"column":8},"end":{"line":45,"column":9}},"type":"if","locations":[{"start":{"line":40,"column":8},"end":{"line":45,"column":9}}]}},"s":{"0":0,"1":0,"2":0,"3":0,"4":0,"5":0,"6":0,"7":0,"8":0,"9":0,"10":0,"11":0,"12":0,"13":0,"14":0,"15":0,"16":0,"17":0,"18":0,"19":0,"20":0,"21":0,"22":0,"23":0,"24":0,"25":0},"f":{"0":0},"b":{"0":[0]}}
,"/Users/luisfaria/Desktop/sEngineer/excelPilot/src/tests/test-pagination.ts": {"path":"/Users/luisfaria/Desktop/sEngineer/excelPilot/src/tests/test-pagination.ts","statementMap":{"0":{"start":{"line":1,"column":0},"end":{"line":1,"column":23}},"1":{"start":{"line":2,"column":0},"end":{"line":2,"column":32}},"2":{"start":{"line":3,"column":0},"end":{"line":3,"column":40}},"3":{"start":{"line":4,"column":0},"end":{"line":4,"column":50}},"4":{"start":{"line":5,"column":0},"end":{"line":5,"column":82}},"5":{"start":{"line":10,"column":4},"end":{"line":10,"column":59}},"6":{"start":{"line":12,"column":4},"end":{"line":80,"column":5}},"7":{"start":{"line":13,"column":8},"end":{"line":13,"column":55}},"8":{"start":{"line":14,"column":8},"end":{"line":14,"column":46}},"9":{"start":{"line":17,"column":29},"end":{"line":17,"column":57}},"10":{"start":{"line":18,"column":8},"end":{"line":21,"column":9}},"11":{"start":{"line":19,"column":12},"end":{"line":19,"column":82}},"12":{"start":{"line":20,"column":12},"end":{"line":20,"column":28}},"13":{"start":{"line":23,"column":8},"end":{"line":23,"column":73}},"14":{"start":{"line":26,"column":8},"end":{"line":26,"column":52}},"15":{"start":{"line":27,"column":26},"end":{"line":29,"column":21}},"16":{"start":{"line":31,"column":8},"end":{"line":31,"column":58}},"17":{"start":{"line":32,"column":32},"end":{"line":32,"column":104}},"18":{"start":{"line":34,"column":8},"end":{"line":34,"column":59}},"19":{"start":{"line":35,"column":8},"end":{"line":35,"column":79}},"20":{"start":{"line":36,"column":8},"end":{"line":36,"column":80}},"21":{"start":{"line":39,"column":8},"end":{"line":57,"column":9}},"22":{"start":{"line":40,"column":12},"end":{"line":40,"column":57}},"23":{"start":{"line":42,"column":28},"end":{"line":42,"column":75}},"24":{"start":{"line":43,"column":31},"end":{"line":48,"column":25}},"25":{"start":{"line":50,"column":12},"end":{"line":50,"column":68}},"26":{"start":{"line":51,"column":37},"end":{"line":54,"column":45}},"27":{"start":{"line":56,"column":12},"end":{"line":56,"column":64}},"28":{"start":{"line":60,"column":8},"end":{"line":60,"column":57}},"29":{"start":{"line":61,"column":8},"end":{"line":71,"column":9}},"30":{"start":{"line":62,"column":32},"end":{"line":62,"column":51}},"31":{"start":{"line":63,"column":27},"end":{"line":63,"column":53}},"32":{"start":{"line":64,"column":27},"end":{"line":64,"column":47}},"33":{"start":{"line":65,"column":30},"end":{"line":65,"column":49}},"34":{"start":{"line":67,"column":12},"end":{"line":67,"column":48}},"35":{"start":{"line":68,"column":12},"end":{"line":68,"column":51}},"36":{"start":{"line":69,"column":12},"end":{"line":69,"column":61}},"37":{"start":{"line":70,"column":12},"end":{"line":70,"column":79}},"38":{"start":{"line":73,"column":8},"end":{"line":73,"column":56}},"39":{"start":{"line":76,"column":8},"end":{"line":76,"column":47}},"40":{"start":{"line":78,"column":8},"end":{"line":78,"column":36}},"41":{"start":{"line":79,"column":8},"end":{"line":79,"column":24}},"42":{"start":{"line":83,"column":0},"end":{"line":83,"column":38}}},"fnMap":{"0":{"name":"testPagination","decl":{"start":{"line":9,"column":15},"end":{"line":9,"column":29}},"loc":{"start":{"line":9,"column":29},"end":{"line":81,"column":1}}}},"branchMap":{"0":{"loc":{"start":{"line":18,"column":8},"end":{"line":21,"column":9}},"type":"if","locations":[{"start":{"line":18,"column":8},"end":{"line":21,"column":9}}]},"1":{"loc":{"start":{"line":39,"column":8},"end":{"line":57,"column":9}},"type":"if","locations":[{"start":{"line":39,"column":8},"end":{"line":57,"column":9}}]},"2":{"loc":{"start":{"line":39,"column":12},"end":{"line":39,"column":86}},"type":"binary-expr","locations":[{"start":{"line":39,"column":12},"end":{"line":39,"column":48}},{"start":{"line":39,"column":52},"end":{"line":39,"column":86}}]},"3":{"loc":{"start":{"line":61,"column":8},"end":{"line":71,"column":9}},"type":"if","locations":[{"start":{"line":61,"column":8},"end":{"line":71,"column":9}}]},"4":{"loc":{"start":{"line":70,"column":34},"end":{"line":70,"column":77}},"type":"cond-expr","locations":[{"start":{"line":70,"column":68},"end":{"line":70,"column":71}},{"start":{"line":70,"column":74},"end":{"line":70,"column":77}}]}},"s":{"0":0,"1":0,"2":0,"3":0,"4":0,"5":0,"6":0,"7":0,"8":0,"9":0,"10":0,"11":0,"12":0,"13":0,"14":0,"15":0,"16":0,"17":0,"18":0,"19":0,"20":0,"21":0,"22":0,"23":0,"24":0,"25":0,"26":0,"27":0,"28":0,"29":0,"30":0,"31":0,"32":0,"33":0,"34":0,"35":0,"36":0,"37":0,"38":0,"39":0,"40":0,"41":0,"42":0},"f":{"0":0},"b":{"0":[0],"1":[0],"2":[0,0],"3":[0],"4":[0,0]}}
,"/Users/luisfaria/Desktop/sEngineer/excelPilot/src/tests/test-rate-limiter.ts": {"path":"/Users/luisfaria/Desktop/sEngineer/excelPilot/src/tests/test-rate-limiter.ts","statementMap":{"0":{"start":{"line":1,"column":0},"end":{"line":1,"column":60}},"1":{"start":{"line":6,"column":19},"end":{"line":6,"column":34}},"2":{"start":{"line":8,"column":4},"end":{"line":8,"column":48}},"3":{"start":{"line":11,"column":4},"end":{"line":11,"column":64}},"4":{"start":{"line":13,"column":4},"end":{"line":24,"column":5}},"5":{"start":{"line":13,"column":17},"end":{"line":13,"column":18}},"6":{"start":{"line":14,"column":23},"end":{"line":14,"column":77}},"7":{"start":{"line":16,"column":8},"end":{"line":20,"column":null}},"8":{"start":{"line":23,"column":8},"end":{"line":23,"column":65}},"9":{"start":{"line":23,"column":39},"end":{"line":23,"column":63}},"10":{"start":{"line":27,"column":4},"end":{"line":27,"column":68}},"11":{"start":{"line":29,"column":4},"end":{"line":40,"column":5}},"12":{"start":{"line":29,"column":17},"end":{"line":29,"column":18}},"13":{"start":{"line":30,"column":23},"end":{"line":30,"column":79}},"14":{"start":{"line":32,"column":8},"end":{"line":36,"column":null}},"15":{"start":{"line":39,"column":8},"end":{"line":39,"column":65}},"16":{"start":{"line":39,"column":39},"end":{"line":39,"column":63}},"17":{"start":{"line":50,"column":4},"end":{"line":50,"column":20}},"18":{"start":{"line":54,"column":0},"end":{"line":54,"column":39}}},"fnMap":{"0":{"name":"testRateLimiter","decl":{"start":{"line":5,"column":15},"end":{"line":5,"column":30}},"loc":{"start":{"line":5,"column":30},"end":{"line":51,"column":1}}},"1":{"name":"(anonymous_1)","decl":{"start":{"line":23,"column":26},"end":{"line":23,"column":27}},"loc":{"start":{"line":23,"column":39},"end":{"line":23,"column":63}}},"2":{"name":"(anonymous_2)","decl":{"start":{"line":39,"column":26},"end":{"line":39,"column":27}},"loc":{"start":{"line":39,"column":39},"end":{"line":39,"column":63}}}},"branchMap":{},"s":{"0":0,"1":0,"2":0,"3":0,"4":0,"5":0,"6":0,"7":0,"8":0,"9":0,"10":0,"11":0,"12":0,"13":0,"14":0,"15":0,"16":0,"17":0,"18":0},"f":{"0":0,"1":0,"2":0},"b":{}}
,"/Users/luisfaria/Desktop/sEngineer/excelPilot/src/tests/test-redis.ts": {"path":"/Users/luisfaria/Desktop/sEngineer/excelPilot/src/tests/test-redis.ts","statementMap":{"0":{"start":{"line":1,"column":0},"end":{"line":1,"column":35}},"1":{"start":{"line":6,"column":4},"end":{"line":20,"column":5}},"2":{"start":{"line":7,"column":8},"end":{"line":7,"column":51}},"3":{"start":{"line":9,"column":8},"end":{"line":9,"column":62}},"4":{"start":{"line":10,"column":23},"end":{"line":10,"column":64}},"5":{"start":{"line":12,"column":8},"end":{"line":12,"column":52}},"6":{"start":{"line":14,"column":8},"end":{"line":14,"column":50}},"7":{"start":{"line":16,"column":8},"end":{"line":16,"column":24}},"8":{"start":{"line":18,"column":8},"end":{"line":18,"column":52}},"9":{"start":{"line":19,"column":8},"end":{"line":19,"column":24}},"10":{"start":{"line":24,"column":0},"end":{"line":24,"column":12}}},"fnMap":{"0":{"name":"testRedis","decl":{"start":{"line":5,"column":15},"end":{"line":5,"column":24}},"loc":{"start":{"line":5,"column":24},"end":{"line":21,"column":1}}}},"branchMap":{},"s":{"0":0,"1":0,"2":0,"3":0,"4":0,"5":0,"6":0,"7":0,"8":0,"9":0,"10":0},"f":{"0":0},"b":{}}
[...]
d":{"line":80,"column":36}},"21":{"start":{"line":81,"column":29},"end":{"line":81,"column":74}},"22":{"start":{"line":81,"column":53},"end":{"line":81,"column":62}},"23":{"start":{"line":82,"column":31},"end":{"line":82,"column":43}},"24":{"start":{"line":83,"column":32},"end":{"line":83,"column":102}},"25":{"start":{"line":84,"column":25},"end":{"line":84,"column":98}},"26":{"start":{"line":84,"column":51},"end":{"line":84,"column":97}},"27":{"start":{"line":86,"column":12},"end":{"line":86,"column":77}},"28":{"start":{"line":88,"column":12},"end":{"line":88,"column":62}},"29":{"start":{"line":92,"column":2},"end":{"line":92,"column":57}},"30":{"start":{"line":93,"column":2},"end":{"line":93,"column":18}},"31":{"start":{"line":96,"column":0},"end":{"line":96,"column":44}}},"fnMap":{"0":{"name":"testSummaryGenerator","decl":{"start":{"line":8,"column":15},"end":{"line":8,"column":35}},"loc":{"start":{"line":8,"column":35},"end":{"line":94,"column":1}}},"1":{"name":"(anonymous_1)","decl":{"start":{"line":48,"column":39},"end":{"line":48,"column":40}},"loc":{"start":{"line":48,"column":46},"end":{"line":51,"column":10}}},"2":{"name":"(anonymous_2)","decl":{"start":{"line":57,"column":17},"end":{"line":57,"column":18}},"loc":{"start":{"line":57,"column":24},"end":{"line":57,"column":123}}},"3":{"name":"(anonymous_3)","decl":{"start":{"line":75,"column":24},"end":{"line":75,"column":25}},"loc":{"start":{"line":76,"column":16},"end":{"line":80,"column":36}}},"4":{"name":"(anonymous_4)","decl":{"start":{"line":81,"column":46},"end":{"line":81,"column":47}},"loc":{"start":{"line":81,"column":53},"end":{"line":81,"column":62}}},"5":{"name":"(anonymous_5)","decl":{"start":{"line":84,"column":44},"end":{"line":84,"column":45}},"loc":{"start":{"line":84,"column":51},"end":{"line":84,"column":97}}}},"branchMap":{"0":{"loc":{"start":{"line":57,"column":52},"end":{"line":57,"column":121}},"type":"cond-expr","locations":[{"start":{"line":57,"column":84},"end":{"line":57,"column":93}},{"start":{"line":57,"column":96},"end":{"line":57,"column":121}}]},"1":{"loc":{"start":{"line":67,"column":12},"end":{"line":69,"column":13}},"type":"if","locations":[{"start":{"line":67,"column":12},"end":{"line":69,"column":13}}]},"2":{"loc":{"start":{"line":70,"column":12},"end":{"line":72,"column":13}},"type":"if","locations":[{"start":{"line":70,"column":12},"end":{"line":72,"column":13}}]},"3":{"loc":{"start":{"line":84,"column":51},"end":{"line":84,"column":97}},"type":"binary-expr","locations":[{"start":{"line":84,"column":51},"end":{"line":84,"column":71}},{"start":{"line":84,"column":75},"end":{"line":84,"column":97}}]},"4":{"loc":{"start":{"line":86,"column":48},"end":{"line":86,"column":75}},"type":"binary-expr","locations":[{"start":{"line":86,"column":48},"end":{"line":86,"column":63}},{"start":{"line":86,"column":67},"end":{"line":86,"column":75}}]}},"s":{"0":0,"1":0,"2":0,"3":0,"4":0,"5":0,"6":0,"7":0,"8":0,"9":0,"10":0,"11":0,"12":0,"13":0,"14":0,"15":0,"16":0,"17":0,"18":0,"19":0,"20":0,"21":0,"22":0,"23":0,"24":0,"25":0,"26":0,"27":0,"28":0,"29":0,"30":0,"31":0},"f":{"0":0,"1":0,"2":0,"3":0,"4":0,"5":0},"b":{"0":[0,0],"1":[0],"2":[0],"3":[0,0],"4":[0,0]}}
,"/Users/luisfaria/Desktop/sEngineer/excelPilot/src/tests/test-title-generator.ts": {"path":"/Users/luisfaria/Desktop/sEngineer/excelPilot/src/tests/test-title-generator.ts","statementMap":{"0":{"start":{"line":3,"column":0},"end":{"line":3,"column":23}},"1":{"start":{"line":4,"column":0},"end":{"line":4,"column":96}},"2":{"start":{"line":7,"column":4},"end":{"line":7,"column":51}},"3":{"start":{"line":9,"column":22},"end":{"line":28,"column":6}},"4":{"start":{"line":30,"column":4},"end":{"line":65,"column":5}},"5":{"start":{"line":31,"column":8},"end":{"line":31,"column":54}},"6":{"start":{"line":33,"column":8},"end":{"line":62,"column":9}},"7":{"start":{"line":34,"column":26},"end":{"line":36,"column":null}},"8":{"start":{"line":39,"column":12},"end":{"line":39,"column":57}},"9":{"start":{"line":40,"column":12},"end":{"line":40,"column":70}},"10":{"start":{"line":41,"column":12},"end":{"line":41,"column":89}},"11":{"start":{"line":44,"column":31},"end":{"line":44,"column":50}},"12":{"start":{"line":45,"column":36},"end":{"line":46,"column":null}},"13":{"start":{"line":46,"column":16},"end":{"line":46,"column":58}},"14":{"start":{"line":49,"column":12},"end":{"line":49,"column":78}},"15":{"start":{"line":50,"column":12},"end":{"line":50,"column":71}},"16":{"start":{"line":53,"column":12},"end":{"line":55,"column":13}},"17":{"start":{"line":54,"column":16},"end":{"line":54,"column":68}},"18":{"start":{"line":56,"column":12},"end":{"line":58,"column":13}},"19":{"start":{"line":57,"column":16},"end":{"line":57,"column":69}},"20":{"start":{"line":61,"column":12},"end":{"line":61,"column":47}},"21":{"start":{"line":64,"column":8},"end":{"line":64,"column":24}},"22":{"start":{"line":67,"column":4},"end":{"line":67,"column":55}},"23":{"start":{"line":68,"column":4},"end":{"line":68,"column":20}},"24":{"start":{"line":71,"column":0},"end":{"line":71,"column":42}}},"fnMap":{"0":{"name":"testTitleGenerator","decl":{"start":{"line":6,"column":15},"end":{"line":6,"column":33}},"loc":{"start":{"line":6,"column":33},"end":{"line":69,"column":1}}},"1":{"name":"(anonymous_1)","decl":{"start":{"line":45,"column":69},"end":{"line":45,"column":76}},"loc":{"start":{"line":46,"column":16},"end":{"line":46,"column":58}}}},"branchMap":{"0":{"loc":{"start":{"line":53,"column":12},"end":{"line":55,"column":13}},"type":"if","locations":[{"start":{"line":53,"column":12},"end":{"line":55,"column":13}}]},"1":{"loc":{"start":{"line":56,"column":12},"end":{"line":58,"column":13}},"type":"if","locations":[{"start":{"line":56,"column":12},"end":{"line":58,"column":13}}]}},"s":{"0":0,"1":0,"2":0,"3":0,"4":0,"5":0,"6":0,"7":0,"8":0,"9":0,"10":0,"11":0,"12":0,"13":0,"14":0,"15":0,"16":0,"17":0,"18":0,"19":0,"20":0,"21":0,"22":0,"23":0,"24":0},"f":{"0":0,"1":0},"b":{"0":[0],"1":[0]}}
,"/Users/luisfaria/Desktop/sEngineer/excelPilot/src/tests/test-token-budget.ts": {"path":"/Users/luisfaria/Desktop/sEngineer/excelPilot/src/tests/test-token-budget.ts","statementMap":{"0":{"start":{"line":1,"column":0},"end":{"line":1,"column":60}},"1":{"start":{"line":2,"column":0},"end":{"line":2,"column":57}},"2":{"start":{"line":7,"column":19},"end":{"line":7,"column":36}},"3":{"start":{"line":9,"column":4},"end":{"line":9,"column":59}},"4":{"start":{"line":12,"column":25},"end":{"line":16,"column":6}},"5":{"start":{"line":18,"column":4},"end":{"line":32,"column":5}},"6":{"start":{"line":19,"column":8},"end":{"line":19,"column":85}},"7":{"start":{"line":21,"column":32},"end":{"line":21,"column":78}},"8":{"start":{"line":22,"column":8},"end":{"line":22,"column":60}},"9":{"start":{"line":24,"column":29},"end":{"line":24,"column":96}},"10":{"start":{"line":25,"column":8},"end":{"line":29,"column":11}},"11":{"start":{"line":31,"column":8},"end":{"line":31,"column":24}},"12":{"start":{"line":35,"column":4},"end":{"line":35,"column":53}},"13":{"start":{"line":36,"column":23},"end":{"line":36,"column":28}},"14":{"start":{"line":37,"column":25},"end":{"line":37,"column":87}},"15":{"start":{"line":38,"column":4},"end":{"line":38,"column":54}},"16":{"start":{"line":39,"column":4},"end":{"line":39,"column":20}},"17":{"start":{"line":41,"column":4},"end":{"line":41,"column":20}},"18":{"start":{"line":45,"column":0},"end":{"line":45,"column":39}}},"fnMap":{"0":{"name":"testTokenBudget","decl":{"start":{"line":6,"column":15},"end":{"line":6,"column":30}},"loc":{"start":{"line":6,"column":30},"end":{"line":42,"column":1}}}},"branchMap":{},"s":{"0":0,"1":0,"2":0,"3":0,"4":0,"5":0,"6":0,"7":0,"8":0,"9":0,"10":0,"11":0,"12":0,"13":0,"14":0,"15":0,"16":0,"17":0,"18":0},"f":{"0":0},"b":{}}
,"/Users/luisfaria/Desktop/sEngineer/excelPilot/src/utils/dateFormatter.ts": {"path":"/Users/luisfaria/Desktop/sEngineer/excelPilot/src/utils/dateFormatter.ts","statementMap":{"0":{"start":{"line":10,"column":31},"end":{"line":24,"column":1}},"1":{"start":{"line":11,"column":4},"end":{"line":11,"column":52}},"2":{"start":{"line":11,"column":20},"end":{"line":11,"column":52}},"3":{"start":{"line":14,"column":4},"end":{"line":16,"column":5}},"4":{"start":{"line":15,"column":8},"end":{"line":15,"column":49}},"5":{"start":{"line":18,"column":4},"end":{"line":20,"column":5}},"6":{"start":{"line":19,"column":8},"end":{"line":19,"column":39}},"7":{"start":{"line":23,"column":4},"end":{"line":23,"column":45}},"8":{"start":{"line":10,"column":13},"end":{"line":10,"column":31}},"9":{"start":{"line":31,"column":36},"end":{"line":43,"column":1}},"10":{"start":{"line":32,"column":4},"end":{"line":32,"column":55}},"11":{"start":{"line":32,"column":20},"end":{"line":32,"column":55}},"12":{"start":{"line":34,"column":17},"end":{"line":34,"column":90}},"13":{"start":{"line":35,"column":4},"end":{"line":42,"column":7}},"14":{"start":{"line":31,"column":13},"end":{"line":31,"column":36}}},"fnMap":{"0":{"name":"(anonymous_0)","decl":{"start":{"line":10,"column":31},"end":{"line":10,"column":32}},"loc":{"start":{"line":10,"column":77},"end":{"line":24,"column":1}}},"1":{"name":"(anonymous_1)","decl":{"start":{"line":31,"column":36},"end":{"line":31,"column":37}},"loc":{"start":{"line":31,"column":82},"end":{"line":43,"column":1}}}},"branchMap":{"0":{"loc":{"start":{"line":11,"column":4},"end":{"line":11,"column":52}},"type":"if","locations":[{"start":{"line":11,"column":4},"end":{"line":11,"column":52}}]},"1":{"loc":{"start":{"line":14,"column":4},"end":{"line":16,"column":5}},"type":"if","locations":[{"start":{"line":14,"column":4},"end":{"line":16,"column":5}}]},"2":{"loc":{"start":{"line":18,"column":4},"end":{"line":20,"column":5}},"type":"if","locations":[{"start":{"line":18,"column":4},"end":{"line":20,"column":5}}]},"3":{"loc":{"start":{"line":32,"column":4},"end":{"line":32,"column":55}},"type":"if","locations":[{"start":{"line":32,"column":4},"end":{"line":32,"column":55}}]},"4":{"loc":{"start":{"line":34,"column":17},"end":{"line":34,"column":90}},"type":"cond-expr","locations":[{"start":{"line":34,"column":49},"end":{"line":34,"column":68}},{"start":{"line":34,"column":71},"end":{"line":34,"column":90}}]}},"s":{"0":0,"1":0,"2":0,"3":0,"4":0,"5":0,"6":0,"7":0,"8":0,"9":0,"10":0,"11":0,"12":0,"13":0,"14":0},"f":{"0":0,"1":0},"b":{"0":[0],"1":[0],"2":[0],"3":[0],"4":[0,0]}}
,"/Users/luisfaria/Desktop/sEngineer/excelPilot/src/utils/errorHandler.ts": {"path":"/Users/luisfaria/Desktop/sEngineer/excelPilot/src/utils/errorHandler.ts","statementMap":{"0":{"start":{"line":3,"column":6},"end":{"line":3,"column":21}},"1":{"start":{"line":2,"column":23},"end":{"line":2,"column":37}},"2":{"start":{"line":4,"column":6},"end":{"line":4,"column":29}},"3":{"start":{"line":1,"column":0},"end":{"line":1,"column":13}}},"fnMap":{"0":{"name":"(anonymous_0)","decl":{"start":{"line":2,"column":4},"end":{"line":2,"column":23}},"loc":{"start":{"line":2,"column":54},"end":{"line":5,"column":5}}}},"branchMap":{},"s":{"0":0,"1":0,"2":0,"3":0},"f":{"0":0},"b":{}}
,"/Users/luisfaria/Desktop/sEngineer/excelPilot/src/utils/guards.ts": {"path":"/Users/luisfaria/Desktop/sEngineer/excelPilot/src/utils/guards.ts","statementMap":{"0":{"start":{"line":3,"column":0},"end":{"line":3,"column":16}},"1":{"start":{"line":11,"column":0},"end":{"line":11,"column":16}},"2":{"start":{"line":1,"column":0},"end":{"line":1,"column":39}},"3":{"start":{"line":4,"column":2},"end":{"line":8,"column":3}},"4":{"start":{"line":5,"column":4},"end":{"line":7,"column":7}},"5":{"start":{"line":12,"column":2},"end":{"line":12,"column":19}},"6":{"start":{"line":13,"column":2},"end":{"line":17,"column":3}},"7":{"start":{"line":14,"column":4},"end":{"line":16,"column":7}}},"fnMap":{"0":{"name":"requireAuth","decl":{"start":{"line":3,"column":16},"end":{"line":3,"column":27}},"loc":{"start":{"line":3,"column":36},"end":{"line":9,"column":1}}},"1":{"name":"requireRole","decl":{"start":{"line":11,"column":16},"end":{"line":11,"column":27}},"loc":{"start":{"line":11,"column":53},"end":{"line":18,"column":1}}}},"branchMap":{"0":{"loc":{"start":{"line":4,"column":2},"end":{"line":8,"column":3}},"type":"if","locations":[{"start":{"line":4,"column":2},"end":{"line":8,"column":3}}]},"1":{"loc":{"start":{"line":13,"column":2},"end":{"line":17,"column":3}},"type":"if","locations":[{"start":{"line":13,"column":2},"end":{"line":17,"column":3}}]}},"s":{"0":0,"1":0,"2":0,"3":0,"4":0,"5":0,"6":0,"7":0},"f":{"0":0,"1":0},"b":{"0":[0],"1":[0]}}
,"/Users/luisfaria/Desktop/sEngineer/excelPilot/src/utils/jwt.ts": {"path":"/Users/luisfaria/Desktop/sEngineer/excelPilot/src/utils/jwt.ts","statementMap":{"0":{"start":{"line":13,"column":0},"end":{"line":13,"column":16}},"1":{"start":{"line":17,"column":0},"end":{"line":17,"column":16}},"2":{"start":{"line":1,"column":0},"end":{"line":1,"column":31}},"3":{"start":{"line":3,"column":19},"end":{"line":3,"column":57}},"4":{"start":{"line":4,"column":23},"end":{"line":4,"column":28}},"5":{"start":{"line":5,"column":27},"end":{"line":5,"column":31}},"6":{"start":{"line":14,"column":2},"end":{"line":14,"column":70}},"7":{"start":{"line":18,"column":2},"end":{"line":23,"column":3}},"8":{"start":{"line":19,"column":4},"end":{"line":19,"column":28}},"9":{"start":{"line":19,"column":16},"end":{"line":19,"column":28}},"10":{"start":{"line":20,"column":4},"end":{"line":20,"column":55}},"11":{"start":{"line":22,"column":4},"end":{"line":22,"column":16}}},"fnMap":{"0":{"name":"signAccessToken","decl":{"start":{"line":13,"column":16},"end":{"line":13,"column":31}},"loc":{"start":{"line":13,"column":51},"end":{"line":15,"column":1}}},"1":{"name":"verifyAccessToken","decl":{"start":{"line":17,"column":16},"end":{"line":17,"column":33}},"loc":{"start":{"line":17,"column":48},"end":{"line":24,"column":1}}}},"branchMap":{"0":{"loc":{"start":{"line":3,"column":19},"end":{"line":3,"column":57}},"type":"binary-expr","locations":[{"start":{"line":3,"column":19},"end":{"line":3,"column":41}},{"start":{"line":3,"column":45},"end":{"line":3,"column":57}}]},"1":{"loc":{"start":{"line":19,"column":4},"end":{"line":19,"column":28}},"type":"if","locations":[{"start":{"line":19,"column":4},"end":{"line":19,"column":28}}]}},"s":{"0":0,"1":0,"2":0,"3":0,"4":0,"5":0,"6":0,"7":0,"8":0,"9":0,"10":0,"11":0},"f":{"0":0,"1":0},"b":{"0":[0,0],"1":[0]}}
,"/Users/luisfaria/Desktop/sEngineer/excelPilot/src/utils/pagination.ts": {"path":"/Users/luisfaria/Desktop/sEngineer/excelPilot/src/utils/pagination.ts","statementMap":{"0":{"start":{"line":28,"column":0},"end":{"line":28,"column":16}},"1":{"start":{"line":35,"column":0},"end":{"line":35,"column":16}},"2":{"start":{"line":47,"column":0},"end":{"line":47,"column":16}},"3":{"start":{"line":58,"column":0},"end":{"line":58,"column":16}},"4":{"start":{"line":1,"column":0},"end":{"line":1,"column":33}},"5":{"start":{"line":29,"column":4},"end":{"line":29,"column":57}},"6":{"start":{"line":36,"column":4},"end":{"line":41,"column":5}},"7":{"start":{"line":37,"column":19},"end":{"line":37,"column":66}},"8":{"start":{"line":38,"column":8},"end":{"line":38,"column":38}},"9":{"start":{"line":40,"column":8},"end":{"line":40,"column":49}},"10":{"start":{"line":48,"column":4},"end":{"line":48,"column":26}},"11":{"start":{"line":48,"column":16},"end":{"line":48,"column":26}},"12":{"start":{"line":50,"column":20},"end":{"line":50,"column":38}},"13":{"start":{"line":52,"column":4},"end":{"line":52,"column":37}},"14":{"start":{"line":65,"column":18},"end":{"line":68,"column":7}},"15":{"start":{"line":65,"column":37},"end":{"line":68,"column":6}},"16":{"start":{"line":70,"column":31},"end":{"line":75,"column":6}},"17":{"start":{"line":77,"column":4},"end":{"line":80,"column":6}}},"fnMap":{"0":{"name":"createCursor","decl":{"start":{"line":28,"column":16},"end":{"line":28,"column":28}},"loc":{"start":{"line":28,"column":56},"end":{"line":30,"column":1}}},"1":{"name":"parseCursor","decl":{"start":{"line":35,"column":16},"end":{"line":35,"column":27}},"loc":{"start":{"line":35,"column":42},"end":{"line":42,"column":1}}},"2":{"name":"buildCursorQuery","decl":{"start":{"line":47,"column":16},"end":{"line":47,"column":32}},"loc":{"start":{"line":47,"column":47},"end":{"line":53,"column":1}}},"3":{"name":"createConnection","decl":{"start":{"line":58,"column":16},"end":{"line":58,"column":32}},"loc":{"start":{"line":63,"column":29},"end":{"line":81,"column":1}}},"4":{"name":"(anonymous_4)","decl":{"start":{"line":65,"column":28},"end":{"line":65,"column":32}},"loc":{"start":{"line":65,"column":37},"end":{"line":68,"column":6}}}},"branchMap":{"0":{"loc":{"start":{"line":48,"column":4},"end":{"line":48,"column":26}},"type":"if","locations":[{"start":{"line":48,"column":4},"end":{"line":48,"column":26}}]},"1":{"loc":{"start":{"line":71,"column":21},"end":{"line":71,"column":65}},"type":"binary-expr","locations":[{"start":{"line":71,"column":21},"end":{"line":71,"column":32}},{"start":{"line":71,"column":37},"end":{"line":71,"column":64}}]},"2":{"loc":{"start":{"line":72,"column":25},"end":{"line":72,"column":56}},"type":"binary-expr","locations":[{"start":{"line":72,"column":25},"end":{"line":72,"column":40}},{"start":{"line":72,"column":44},"end":{"line":72,"column":56}}]},"3":{"loc":{"start":{"line":73,"column":21},"end":{"line":73,"column":67}},"type":"cond-expr","locations":[{"start":{"line":73,"column":40},"end":{"line":73,"column":55}},{"start":{"line":73,"column":58},"end":{"line":73,"column":67}}]},"4":{"loc":{"start":{"line":74,"column":19},"end":{"line":74,"column":80}},"type":"cond-expr","locations":[{"start":{"line":74,"column":38},"end":{"line":74,"column":68}},{"start":{"line":74,"column":71},"end":{"line":74,"column":80}}]}},"s":{"0":0,"1":0,"2":0,"3":0,"4":0,"5":0,"6":0,"7":0,"8":0,"9":0,"10":0,"11":0,"12":0,"13":0,"14":0,"15":0,"16":0,"17":0},"f":{"0":0,"1":0,"2":0,"3":0,"4":0},"b":{"0":[0],"1":[0,0],"2":[0,0],"3":[0,0],"4":[0,0]}}
,"/Users/luisfaria/Desktop/sEngineer/excelPilot/src/utils/tokenEstimator.ts": {"path":"/Users/luisfaria/Desktop/sEngineer/excelPilot/src/utils/tokenEstimator.ts","statementMap":{"0":{"start":{"line":14,"column":27},"end":{"line":14,"column":60}},"1":{"start":{"line":17,"column":30},"end":{"line":19,"column":13}},"2":{"start":{"line":18,"column":12},"end":{"line":18,"column":61}},"3":{"start":{"line":22,"column":31},"end":{"line":22,"column":34}},"4":{"start":{"line":25,"column":33},"end":{"line":25,"column":58}},"5":{"start":{"line":28,"column":8},"end":{"line":28,"column":78}},"6":{"start":{"line":35,"column":8},"end":{"line":35,"column":55}},"7":{"start":{"line":5,"column":0},"end":{"line":5,"column":13}}},"fnMap":{"0":{"name":"(anonymous_0)","decl":{"start":{"line":12,"column":4},"end":{"line":12,"column":10}},"loc":{"start":{"line":12,"column":61},"end":{"line":29,"column":5}}},"1":{"name":"(anonymous_1)","decl":{"start":{"line":17,"column":45},"end":{"line":17,"column":46}},"loc":{"start":{"line":17,"column":60},"end":{"line":19,"column":9}}},"2":{"name":"(anonymous_2)","decl":{"start":{"line":34,"column":4},"end":{"line":34,"column":10}},"loc":{"start":{"line":34,"column":46},"end":{"line":36,"column":5}}}},"branchMap":{"0":{"loc":{"start":{"line":35,"column":15},"end":{"line":35,"column":54}},"type":"binary-expr","locations":[{"start":{"line":35,"column":15},"end":{"line":35,"column":49}},{"start":{"line":35,"column":53},"end":{"line":35,"column":54}}]}},"s":{"0":0,"1":0,"2":0,"3":0,"4":0,"5":0,"6":0,"7":0},"f":{"0":0,"1":0,"2":0},"b":{"0":[0,0]}}
,"/Users/luisfaria/Desktop/sEngineer/excelPilot/src/validation/auth.schema.ts": {"path":"/Users/luisfaria/Desktop/sEngineer/excelPilot/src/validation/auth.schema.ts","statementMap":{"0":{"start":{"line":1,"column":0},"end":{"line":1,"column":24}},"1":{"start":{"line":3,"column":13},"end":{"line":8,"column":3}},"2":{"start":{"line":10,"column":13},"end":{"line":13,"column":3}}},"fnMap":{},"branchMap":{},"s":{"0":0,"1":0,"2":0},"f":{},"b":{}}
}
